#
# A fatal error has been detected by the Java Runtime Environment:
#
#  SIGSEGV (0xb) at pc=0x00007f50b7412462, pid=6297, tid=139984648582912
#
# JRE version: Java(TM) SE Runtime Environment (8.0_60-b27) (build 1.8.0_60-b27)
# Java VM: Java HotSpot(TM) 64-Bit Server VM (25.60-b23 mixed mode linux-amd64 compressed oops)
# Problematic frame:
# C  [librxtxSerial.so+0x6462]  read_byte_array+0x52
#
# Failed to write core dump. Core dumps have been disabled. To enable core dumping, try "ulimit -c unlimited" before starting Java again
#
# If you would like to submit a bug report, please visit:
#   http://bugreport.java.com/bugreport/crash.jsp
# The crash happened outside the Java Virtual Machine in native code.
# See problematic frame for where to report the bug.
#

---------------  T H R E A D  ---------------

Current thread (0x00007f50d417b800):  JavaThread "Thread-0" daemon [_thread_in_native, id=6317, stack(0x00007f50b730b000,0x00007f50b740c000)]

siginfo: si_signo: 11 (SIGSEGV), si_code: 1 (SEGV_MAPERR), si_addr: 0xffffffffb740a598

Registers:
RAX=0xffffffffb740a590, RBX=0xffffffffffffffff, RCX=0x0000000000000001, RDX=0x00007f50dc320db0
RSP=0x00007f50b7409870, RBP=0x00007f50d417b9f8, RSI=0x00007f50b7415e30, RDI=0x00007f50b7415d3e
R8 =0x0000000000000009, R9 =0x00000000d8d0b288, R10=0x0000000000000002, R11=0x00007f50dc325328
R12=0x00000000ffffffff, R13=0x0000000000000000, R14=0x0000000000000010, R15=0x0000000000000000
RIP=0x00007f50b7412462, EFLAGS=0x0000000000010202, CSGSFS=0x0000000000000033, ERR=0x0000000000000005
  TRAPNO=0x000000000000000e

Top of Stack: (sp=0x00007f50b7409870)
0x00007f50b7409870:   00007f50b740ced0 00007f50d417e530
0x00007f50b7409880:   00007f50b7415ce8 0000000100062920
0x00007f50b7409890:   00007f50d417b800 ffffffffb740a590
0x00007f50b74098a0:   0000000000002000 0000000000000000
0x00007f50b74098b0:   0000000000000000 0000000100000000
0x00007f50b74098c0:   00007f5080003620 00000010dc3d27b0
0x00007f50b74098d0:   00007f50b7415e6b 00007f50b7518830
0x00007f50b74098e0:   0000000000000000 0000000000000001
0x00007f50b74098f0:   0000000000000010 0000000000000000
0x00007f50b7409900:   00007f50d417b9f8 00007f50dcd5c557
0x00007f50b7409910:   00007f5000000005 0000000000000000
0x00007f50b7409920:   00007f50b7409990 00007f50b740ced0
0x00007f50b7409930:   ffffffffffffffff 00007f50d417b9f8
0x00007f50b7409940:   00007f5080003620 00007f50dcd63515
0x00007f50b7409950:   00007f5080003620 00007f5080003620
0x00007f50b7409960:   0000000000000010 ffffffffffffffff
0x00007f50b7409970:   00007f50d417b9f8 00007f5080003620
0x00007f50b7409980:   0000000000000001 0000000000000010
0x00007f50b7409990:   0000000000000000 00007f50b74128a1
0x00007f50b74099a0:   00007f50d417b800 00007f50b7409a80
0x00007f50b74099b0:   00007f50b7409a88 00007f50d89daf18
0x00007f50b74099c0:   00007f50b7409a50 0000000000000000
0x00007f50b74099d0:   00007f50d89daf10 00007f50b7409a88
0x00007f50b74099e0:   00007f50d417b800 00007f50c5015994
0x00007f50b74099f0:   00007f50b7409a50 00007f50c5015719
0x00007f50b7409a00:   00007f50d417b800 00007f50c50156e2
0x00007f50b7409a10:   00007f50b7409a10 00007f50d89daf10
0x00007f50b7409a20:   00007f50b7409a88 00007f50d89e6b68
0x00007f50b7409a30:   0000000000000000 00007f50d89daf18
0x00007f50b7409a40:   0000000000000000 00007f50b7409a70
0x00007f50b7409a50:   00007f50b7409af0 00007f50c5007690
0x00007f50b7409a60:   0000000000000000 00007f50c500f576 

Instructions: (pc=0x00007f50b7412462)
0x00007f50b7412442:   89 44 24 4c 48 c7 44 24 40 00 00 00 00 48 c7 44
0x00007f50b7412452:   24 38 00 00 00 00 e8 53 d7 ff ff 48 89 44 24 28
0x00007f50b7412462:   8b 40 08 45 85 e4 48 8b 54 24 28 44 8b 7c 24 4c
0x00007f50b7412472:   89 44 24 34 c7 42 08 00 00 00 00 78 0c 31 c0 e8 

Register to memory mapping:

RAX=0xffffffffb740a590 is an unknown value
RBX=0xffffffffffffffff is an unknown value
RCX=0x0000000000000001 is an unknown value
RDX=0x00007f50dc320db0: <offset 0xfaadb0> in /usr/local/java/jdk1.8.0_60/jre/lib/amd64/server/libjvm.so at 0x00007f50db376000
RSP=0x00007f50b7409870 is pointing into the stack for thread: 0x00007f50d417b800
RBP=0x00007f50d417b9f8 is an unknown value
RSI=0x00007f50b7415e30: <offset 0x9e30> in /home/philipe/jdk1.8.0_51/jre/lib/amd64/librxtxSerial.so at 0x00007f50b740c000
RDI=0x00007f50b7415d3e: <offset 0x9d3e> in /home/philipe/jdk1.8.0_51/jre/lib/amd64/librxtxSerial.so at 0x00007f50b740c000
R8 =0x0000000000000009 is an unknown value
R9 =0x00000000d8d0b288 is an oop
gnu.io.RXTXPort 
 - klass: 'gnu/io/RXTXPort'
R10=0x0000000000000002 is an unknown value
R11=0x00007f50dc325328: <offset 0xfaf328> in /usr/local/java/jdk1.8.0_60/jre/lib/amd64/server/libjvm.so at 0x00007f50db376000
R12=0x00000000ffffffff is an unallocated location in the heap
R13=0x0000000000000000 is an unknown value
R14=0x0000000000000010 is an unknown value
R15=0x0000000000000000 is an unknown value


Stack: [0x00007f50b730b000,0x00007f50b740c000],  sp=0x00007f50b7409870,  free space=1018k
Native frames: (J=compiled Java code, j=interpreted, Vv=VM code, C=native code)
C  [librxtxSerial.so+0x6462]  read_byte_array+0x52

Java frames: (J=compiled Java code, j=interpreted, Vv=VM code)
j  gnu.io.RXTXPort.readArray([BII)I+0
j  gnu.io.RXTXPort$SerialInputStream.read([BII)I+212
j  sun.nio.cs.StreamDecoder.readBytes()I+135
j  sun.nio.cs.StreamDecoder.implRead([CII)I+112
j  sun.nio.cs.StreamDecoder.read([CII)I+180
j  java.io.InputStreamReader.read([CII)I+7
j  java.io.BufferedReader.fill()V+145
j  java.io.BufferedReader.readLine(Z)Ljava/lang/String;+44
j  java.io.BufferedReader.readLine()Ljava/lang/String;+2
j  util.Comunicacao.serialEvent(Lgnu/io/SerialPortEvent;)V+12
j  gnu.io.RXTXPort.sendEvent(IZ)Z+382
v  ~StubRoutines::call_stub
j  gnu.io.RXTXPort.eventLoop()V+0
j  gnu.io.RXTXPort$MonitorThread.run()V+12
v  ~StubRoutines::call_stub

---------------  P R O C E S S  ---------------

Java Threads: ( => current thread )
  0x00007f50d422f000 JavaThread "Thread-74" [_thread_blocked, id=6391, stack(0x00007f50467e8000,0x00007f50468e9000)]
  0x00007f50d422d800 JavaThread "Thread-73" [_thread_blocked, id=6390, stack(0x00007f50468e9000,0x00007f50469ea000)]
  0x00007f50d422b800 JavaThread "Thread-72" [_thread_blocked, id=6389, stack(0x00007f50469ea000,0x00007f5046aeb000)]
  0x00007f50d4229800 JavaThread "Thread-71" [_thread_blocked, id=6388, stack(0x00007f5046aeb000,0x00007f5046bec000)]
  0x00007f50d4228000 JavaThread "Thread-70" [_thread_blocked, id=6387, stack(0x00007f5046bec000,0x00007f5046ced000)]
  0x00007f50d4226000 JavaThread "Thread-69" [_thread_blocked, id=6386, stack(0x00007f5046ced000,0x00007f5046dee000)]
  0x00007f50d4224000 JavaThread "Thread-68" [_thread_blocked, id=6385, stack(0x00007f5046dee000,0x00007f5046eef000)]
  0x00007f50d4222000 JavaThread "Thread-67" [_thread_blocked, id=6384, stack(0x00007f5046eef000,0x00007f5046ff0000)]
  0x00007f50d4220800 JavaThread "Thread-66" [_thread_blocked, id=6383, stack(0x00007f5046ff0000,0x00007f50470f1000)]
  0x00007f50d421e800 JavaThread "Thread-65" [_thread_blocked, id=6382, stack(0x00007f50470f1000,0x00007f50471f2000)]
  0x00007f50d421d000 JavaThread "Thread-64" [_thread_blocked, id=6381, stack(0x00007f50471f2000,0x00007f50472f3000)]
  0x00007f50d421b000 JavaThread "Thread-63" [_thread_blocked, id=6380, stack(0x00007f50472f3000,0x00007f50473f4000)]
  0x00007f50d4219800 JavaThread "Thread-62" [_thread_blocked, id=6379, stack(0x00007f50473f4000,0x00007f50474f5000)]
  0x00007f50d4217800 JavaThread "Thread-61" [_thread_blocked, id=6378, stack(0x00007f50474f5000,0x00007f50475f6000)]
  0x00007f50d41ea000 JavaThread "Thread-60" [_thread_blocked, id=6377, stack(0x00007f50475f6000,0x00007f50476f7000)]
  0x00007f50d4214000 JavaThread "Thread-59" [_thread_blocked, id=6376, stack(0x00007f50476f7000,0x00007f50477f8000)]
  0x00007f50d4212000 JavaThread "Thread-58" [_thread_blocked, id=6375, stack(0x00007f50477f8000,0x00007f50478f9000)]
  0x00007f50d4210800 JavaThread "Thread-57" [_thread_blocked, id=6374, stack(0x00007f50478f9000,0x00007f50479fa000)]
  0x00007f50d420e800 JavaThread "Thread-56" [_thread_blocked, id=6373, stack(0x00007f50479fa000,0x00007f5047afb000)]
  0x00007f50d420d000 JavaThread "Thread-55" [_thread_blocked, id=6372, stack(0x00007f5047afb000,0x00007f5047bfc000)]
  0x00007f50d420b000 JavaThread "Thread-54" [_thread_blocked, id=6371, stack(0x00007f5047bfc000,0x00007f5047cfd000)]
  0x00007f50d4209800 JavaThread "Thread-53" [_thread_blocked, id=6370, stack(0x00007f5047cfd000,0x00007f5047dfe000)]
  0x00007f50d4208000 JavaThread "Thread-52" [_thread_blocked, id=6369, stack(0x00007f5047dfe000,0x00007f5047eff000)]
  0x00007f50d4206000 JavaThread "Thread-51" [_thread_blocked, id=6368, stack(0x00007f5047eff000,0x00007f5048000000)]
  0x00007f50d4204000 JavaThread "Thread-50" [_thread_blocked, id=6367, stack(0x00007f50b40d9000,0x00007f50b41da000)]
  0x00007f50d4202000 JavaThread "Thread-49" [_thread_blocked, id=6366, stack(0x00007f50b41da000,0x00007f50b42db000)]
  0x00007f50d4200000 JavaThread "Thread-48" [_thread_blocked, id=6365, stack(0x00007f50b42db000,0x00007f50b43dc000)]
  0x00007f50d41fe000 JavaThread "Thread-47" [_thread_blocked, id=6364, stack(0x00007f50b43dc000,0x00007f50b44dd000)]
  0x00007f50d41fc800 JavaThread "Thread-46" [_thread_blocked, id=6363, stack(0x00007f50b44dd000,0x00007f50b45de000)]
  0x00007f50d41fa000 JavaThread "Thread-45" [_thread_blocked, id=6362, stack(0x00007f50b45de000,0x00007f50b46df000)]
  0x00007f50d41f8000 JavaThread "Thread-44" [_thread_blocked, id=6361, stack(0x00007f50b46df000,0x00007f50b47e0000)]
  0x00007f50d41f6000 JavaThread "Thread-43" [_thread_blocked, id=6360, stack(0x00007f50b47e0000,0x00007f50b48e1000)]
  0x00007f50d41f4800 JavaThread "Thread-42" [_thread_blocked, id=6359, stack(0x00007f50b48e1000,0x00007f50b49e2000)]
  0x00007f50d41f2800 JavaThread "Thread-41" [_thread_blocked, id=6358, stack(0x00007f50b49e2000,0x00007f50b4ae3000)]
  0x00007f50d41f1000 JavaThread "Thread-40" [_thread_blocked, id=6357, stack(0x00007f50b4ae3000,0x00007f50b4be4000)]
  0x00007f50d41ef000 JavaThread "Thread-39" [_thread_blocked, id=6356, stack(0x00007f50b4be4000,0x00007f50b4ce5000)]
  0x00007f50d41ed800 JavaThread "Thread-38" [_thread_blocked, id=6355, stack(0x00007f50b4ce5000,0x00007f50b4de6000)]
  0x00007f50d41ec000 JavaThread "Thread-37" [_thread_blocked, id=6354, stack(0x00007f50b4de6000,0x00007f50b4ee7000)]
  0x00007f50d41e6000 JavaThread "Thread-36" [_thread_blocked, id=6353, stack(0x00007f50b4ee7000,0x00007f50b4fe8000)]
  0x00007f50d41e8000 JavaThread "Thread-35" [_thread_blocked, id=6352, stack(0x00007f50b4fe8000,0x00007f50b50e9000)]
  0x00007f50d41e4800 JavaThread "Thread-34" [_thread_blocked, id=6351, stack(0x00007f50b50e9000,0x00007f50b51ea000)]
  0x00007f50d41e1000 JavaThread "Thread-33" [_thread_blocked, id=6350, stack(0x00007f50b51ea000,0x00007f50b52eb000)]
  0x00007f50d41e2800 JavaThread "Thread-32" [_thread_blocked, id=6349, stack(0x00007f50b52eb000,0x00007f50b53ec000)]
  0x00007f50d41de000 JavaThread "Thread-31" [_thread_blocked, id=6348, stack(0x00007f50b53ec000,0x00007f50b54ed000)]
  0x00007f50d41df800 JavaThread "Thread-30" [_thread_blocked, id=6347, stack(0x00007f50b54ed000,0x00007f50b55ee000)]
  0x00007f50d41dc800 JavaThread "Thread-29" [_thread_blocked, id=6346, stack(0x00007f50b55ee000,0x00007f50b56ef000)]
  0x00007f50d41da800 JavaThread "Thread-28" [_thread_blocked, id=6345, stack(0x00007f50b56ef000,0x00007f50b57f0000)]
  0x00007f50d41d9000 JavaThread "Thread-27" [_thread_blocked, id=6344, stack(0x00007f50b57f0000,0x00007f50b58f1000)]
  0x00007f50d41d7000 JavaThread "Thread-26" [_thread_blocked, id=6343, stack(0x00007f50b58f1000,0x00007f50b59f2000)]
  0x00007f50d41d5800 JavaThread "Thread-25" [_thread_blocked, id=6342, stack(0x00007f50b59f2000,0x00007f50b5af3000)]
  0x00007f50d41d4000 JavaThread "Thread-24" [_thread_blocked, id=6341, stack(0x00007f50b5af3000,0x00007f50b5bf4000)]
  0x00007f50d41d2000 JavaThread "Thread-23" [_thread_blocked, id=6340, stack(0x00007f50b5bf4000,0x00007f50b5cf5000)]
  0x00007f50d41d0800 JavaThread "Thread-22" [_thread_blocked, id=6339, stack(0x00007f50b5cf5000,0x00007f50b5df6000)]
  0x00007f50d41ce800 JavaThread "Thread-21" [_thread_blocked, id=6338, stack(0x00007f50b5df6000,0x00007f50b5ef7000)]
  0x00007f50d41cd000 JavaThread "Thread-20" [_thread_blocked, id=6337, stack(0x00007f50b5ef7000,0x00007f50b5ff8000)]
  0x00007f50d41cb000 JavaThread "Thread-19" [_thread_blocked, id=6336, stack(0x00007f50b5ff8000,0x00007f50b60f9000)]
  0x00007f50d41c9800 JavaThread "Thread-18" [_thread_blocked, id=6335, stack(0x00007f50b60f9000,0x00007f50b61fa000)]
  0x00007f50d41c7800 JavaThread "Thread-17" [_thread_blocked, id=6334, stack(0x00007f50b61fa000,0x00007f50b62fb000)]
  0x00007f50d41c6000 JavaThread "Thread-16" [_thread_blocked, id=6333, stack(0x00007f50b62fb000,0x00007f50b63fc000)]
  0x00007f50d41c4800 JavaThread "Thread-15" [_thread_blocked, id=6332, stack(0x00007f50b63fc000,0x00007f50b64fd000)]
  0x00007f50d41c0800 JavaThread "Thread-14" [_thread_blocked, id=6331, stack(0x00007f50b64fd000,0x00007f50b65fe000)]
  0x00007f50d4198800 JavaThread "Thread-13" [_thread_blocked, id=6330, stack(0x00007f50b65fe000,0x00007f50b66ff000)]
  0x00007f50d4197000 JavaThread "Thread-12" [_thread_blocked, id=6329, stack(0x00007f50b66ff000,0x00007f50b6800000)]
  0x00007f50d4195800 JavaThread "Thread-11" [_thread_blocked, id=6328, stack(0x00007f50b6800000,0x00007f50b6901000)]
  0x00007f50d4193800 JavaThread "Thread-10" [_thread_blocked, id=6327, stack(0x00007f50b6901000,0x00007f50b6a02000)]
  0x00007f50d4192000 JavaThread "Thread-9" [_thread_blocked, id=6326, stack(0x00007f50b6a02000,0x00007f50b6b03000)]
  0x00007f50d4190000 JavaThread "Thread-8" [_thread_blocked, id=6325, stack(0x00007f50b6b03000,0x00007f50b6c04000)]
  0x00007f50d418e800 JavaThread "Thread-7" [_thread_blocked, id=6324, stack(0x00007f50b6c04000,0x00007f50b6d05000)]
  0x00007f50d418c800 JavaThread "Thread-6" [_thread_blocked, id=6323, stack(0x00007f50b6d05000,0x00007f50b6e06000)]
  0x00007f50d418b000 JavaThread "Thread-5" [_thread_blocked, id=6322, stack(0x00007f50b6e06000,0x00007f50b6f07000)]
  0x00007f50d4189800 JavaThread "Thread-4" [_thread_blocked, id=6321, stack(0x00007f50b6f07000,0x00007f50b7008000)]
  0x00007f50d4177000 JavaThread "Thread-3" [_thread_blocked, id=6320, stack(0x00007f50b7008000,0x00007f50b7109000)]
  0x00007f50d4176000 JavaThread "Thread-2" [_thread_blocked, id=6319, stack(0x00007f50b7109000,0x00007f50b720a000)]
  0x00007f50d4179000 JavaThread "Thread-1" [_thread_blocked, id=6318, stack(0x00007f50b720a000,0x00007f50b730b000)]
=>0x00007f50d417b800 JavaThread "Thread-0" daemon [_thread_in_native, id=6317, stack(0x00007f50b730b000,0x00007f50b740c000)]
  0x00007f50d40c3000 JavaThread "Service Thread" daemon [_thread_blocked, id=6315, stack(0x00007f50b761a000,0x00007f50b771b000)]
  0x00007f50d40be000 JavaThread "C1 CompilerThread2" daemon [_thread_blocked, id=6314, stack(0x00007f50b771b000,0x00007f50b781c000)]
  0x00007f50d40bc800 JavaThread "C2 CompilerThread1" daemon [_thread_blocked, id=6313, stack(0x00007f50b781c000,0x00007f50b791d000)]
  0x00007f50d40b9800 JavaThread "C2 CompilerThread0" daemon [_thread_blocked, id=6312, stack(0x00007f50bc04e000,0x00007f50bc14f000)]
  0x00007f50d40b8000 JavaThread "Signal Dispatcher" daemon [_thread_blocked, id=6311, stack(0x00007f50bc14f000,0x00007f50bc250000)]
  0x00007f50d407f000 JavaThread "Finalizer" daemon [_thread_blocked, id=6310, stack(0x00007f50c408e000,0x00007f50c418f000)]
  0x00007f50d407d000 JavaThread "Reference Handler" daemon [_thread_blocked, id=6309, stack(0x00007f50c418f000,0x00007f50c4290000)]
  0x00007f50d400a000 JavaThread "main" [_thread_in_Java, id=6303, stack(0x00007f50dce48000,0x00007f50dcf49000)]

Other Threads:
  0x00007f50d4078000 VMThread [stack: 0x00007f50c4290000,0x00007f50c4391000] [id=6308]
  0x00007f50d40c6000 WatcherThread [stack: 0x00007f50b7519000,0x00007f50b761a000] [id=6316]

VM state:not at safepoint (normal execution)

VM Mutex/Monitor currently owned by a thread: None

Heap:
 PSYoungGen      total 36864K, used 9301K [0x00000000d6e00000, 0x00000000d9700000, 0x0000000100000000)
  eden space 31744K, 27% used [0x00000000d6e00000,0x00000000d7671538,0x00000000d8d00000)
  from space 5120K, 12% used [0x00000000d8d00000,0x00000000d8da4010,0x00000000d9200000)
  to   space 5120K, 0% used [0x00000000d9200000,0x00000000d9200000,0x00000000d9700000)
 ParOldGen       total 84992K, used 8K [0x0000000084a00000, 0x0000000089d00000, 0x00000000d6e00000)
  object space 84992K, 0% used [0x0000000084a00000,0x0000000084a02000,0x0000000089d00000)
 Metaspace       used 3174K, capacity 4670K, committed 4864K, reserved 1056768K
  class space    used 330K, capacity 425K, committed 512K, reserved 1048576K

Card table byte_map: [0x00007f50d983a000,0x00007f50d9c16000] byte_map_base: 0x00007f50d9415000

Marking Bits: (ParMarkBitMap*) 0x00007f50dc324de0
 Begin Bits: [0x00007f50bc250000, 0x00007f50be128000)
 End Bits:   [0x00007f50be128000, 0x00007f50c0000000)

Polling page: 0x00007f50dcf6c000

CodeCache: size=245760Kb used=1596Kb max_used=1607Kb free=244163Kb
 bounds [0x00007f50c5000000, 0x00007f50c5270000, 0x00007f50d4000000]
 total_blobs=455 nmethods=209 adapters=160
 compilation: enabled

Compilation events (10 events):
Event: 0,359 Thread 0x00007f50d40be000 nmethod 203 0x00007f50c518b4d0 code [0x00007f50c518b7a0, 0x00007f50c518cc08]
Event: 0,359 Thread 0x00007f50d40be000  204   !   3       java.io.BufferedWriter::flushBuffer (53 bytes)
Event: 0,359 Thread 0x00007f50d40be000 nmethod 204 0x00007f50c518d590 code [0x00007f50c518d740, 0x00007f50c518dd18]
Event: 0,367 Thread 0x00007f50d40be000  205   !   3       java.lang.ref.Finalizer::add (41 bytes)
Event: 0,367 Thread 0x00007f50d40be000 nmethod 205 0x00007f50c518dfd0 code [0x00007f50c518e140, 0x00007f50c518e4f0]
Event: 0,373 Thread 0x00007f50d40bc800  206       4       sun.nio.cs.UTF_8$Encoder::encode (359 bytes)
Event: 0,373 Thread 0x00007f50d40b9800  207       4       java.lang.String::<init> (10 bytes)
Event: 0,376 Thread 0x00007f50d40bc800 nmethod 206 0x00007f50c5191490 code [0x00007f50c51915e0, 0x00007f50c5191858]
Event: 0,381 Thread 0x00007f50d40b9800 nmethod 207 0x00007f50c518eed0 code [0x00007f50c518f080, 0x00007f50c518f628]
Event: 0,381 Thread 0x00007f50d40be000  208       3       java.nio.Buffer::checkIndex (22 bytes)

GC Heap History (2 events):
Event: 0,338 GC heap before
{Heap before GC invocations=1 (full 0):
 PSYoungGen      total 36864K, used 31744K [0x00000000d6e00000, 0x00000000d9700000, 0x0000000100000000)
  eden space 31744K, 100% used [0x00000000d6e00000,0x00000000d8d00000,0x00000000d8d00000)
  from space 5120K, 0% used [0x00000000d9200000,0x00000000d9200000,0x00000000d9700000)
  to   space 5120K, 0% used [0x00000000d8d00000,0x00000000d8d00000,0x00000000d9200000)
 ParOldGen       total 84992K, used 0K [0x0000000084a00000, 0x0000000089d00000, 0x00000000d6e00000)
  object space 84992K, 0% used [0x0000000084a00000,0x0000000084a00000,0x0000000089d00000)
 Metaspace       used 3141K, capacity 4670K, committed 4864K, reserved 1056768K
  class space    used 329K, capacity 425K, committed 512K, reserved 1048576K
Event: 0,340 GC heap after
Heap after GC invocations=1 (full 0):
 PSYoungGen      total 36864K, used 656K [0x00000000d6e00000, 0x00000000d9700000, 0x0000000100000000)
  eden space 31744K, 0% used [0x00000000d6e00000,0x00000000d6e00000,0x00000000d8d00000)
  from space 5120K, 12% used [0x00000000d8d00000,0x00000000d8da4010,0x00000000d9200000)
  to   space 5120K, 0% used [0x00000000d9200000,0x00000000d9200000,0x00000000d9700000)
 ParOldGen       total 84992K, used 8K [0x0000000084a00000, 0x0000000089d00000, 0x00000000d6e00000)
  object space 84992K, 0% used [0x0000000084a00000,0x0000000084a02000,0x0000000089d00000)
 Metaspace       used 3141K, capacity 4670K, committed 4864K, reserved 1056768K
  class space    used 329K, capacity 425K, committed 512K, reserved 1048576K
}

Deoptimization events (2 events):
Event: 0,340 Thread 0x00007f50d400a000 Uncommon trap: reason=unstable_if action=reinterpret pc=0x00007f50c515c388 method=java.lang.ref.SoftReference.get()Ljava/lang/Object; @ 17
Event: 0,381 Thread 0x00007f50d417b800 Uncommon trap: reason=unstable_if action=reinterpret pc=0x00007f50c5153f00 method=java.lang.ThreadLocal.get()Ljava/lang/Object; @ 11

Internal exceptions (10 events):
Event: 0,373 Thread 0x00007f50d400a000 Exception <a 'java/io/FileNotFoundException'> (0x00000000d7409d68) thrown at [/HUDSON/workspace/8-2-build-linux-amd64/jdk8u60/4407/hotspot/src/share/vm/prims/jni.cpp, line 709]
Event: 0,376 Thread 0x00007f50d400a000 Exception <a 'java/io/FileNotFoundException'> (0x00000000d746fc30) thrown at [/HUDSON/workspace/8-2-build-linux-amd64/jdk8u60/4407/hotspot/src/share/vm/prims/jni.cpp, line 709]
Event: 0,376 Thread 0x00007f50d400a000 Exception <a 'java/io/FileNotFoundException'> (0x00000000d74705e8) thrown at [/HUDSON/workspace/8-2-build-linux-amd64/jdk8u60/4407/hotspot/src/share/vm/prims/jni.cpp, line 709]
Event: 0,377 Thread 0x00007f50d400a000 Exception <a 'java/io/FileNotFoundException'> (0x00000000d747fbe0) thrown at [/HUDSON/workspace/8-2-build-linux-amd64/jdk8u60/4407/hotspot/src/share/vm/prims/jni.cpp, line 709]
Event: 0,377 Thread 0x00007f50d400a000 Exception <a 'java/io/FileNotFoundException'> (0x00000000d7480598) thrown at [/HUDSON/workspace/8-2-build-linux-amd64/jdk8u60/4407/hotspot/src/share/vm/prims/jni.cpp, line 709]
Event: 0,380 Thread 0x00007f50d400a000 Exception <a 'java/io/FileNotFoundException'> (0x00000000d74e6440) thrown at [/HUDSON/workspace/8-2-build-linux-amd64/jdk8u60/4407/hotspot/src/share/vm/prims/jni.cpp, line 709]
Event: 0,380 Thread 0x00007f50d400a000 Exception <a 'java/io/FileNotFoundException'> (0x00000000d74e6df8) thrown at [/HUDSON/workspace/8-2-build-linux-amd64/jdk8u60/4407/hotspot/src/share/vm/prims/jni.cpp, line 709]
Event: 0,381 Thread 0x00007f50d400a000 Exception <a 'java/io/FileNotFoundException'> (0x00000000d74f63f8) thrown at [/HUDSON/workspace/8-2-build-linux-amd64/jdk8u60/4407/hotspot/src/share/vm/prims/jni.cpp, line 709]
Event: 0,381 Thread 0x00007f50d400a000 Exception <a 'java/io/FileNotFoundException'> (0x00000000d74f6db0) thrown at [/HUDSON/workspace/8-2-build-linux-amd64/jdk8u60/4407/hotspot/src/share/vm/prims/jni.cpp, line 709]
Event: 0,381 Thread 0x00007f50d417b800 Implicit null exception at 0x00007f50c5153e5a to 0x00007f50c5153eed

Events (10 events):
Event: 0,373 Thread 0x00007f50d422b800 Thread added: 0x00007f50d422b800
Event: 0,377 Thread 0x00007f50d422d800 Thread added: 0x00007f50d422d800
Event: 0,380 Thread 0x00007f50d422f000 Thread added: 0x00007f50d422f000
Event: 0,381 loading class gnu/io/SerialPortEvent
Event: 0,381 loading class gnu/io/SerialPortEvent done
Event: 0,381 Thread 0x00007f50d417b800 Uncommon trap: trap_request=0xffffff65 fr.pc=0x00007f50c5153f00
Event: 0,381 Thread 0x00007f50d417b800 DEOPT PACKING pc=0x00007f50c5153f00 sp=0x00007f50b7407950
Event: 0,381 Thread 0x00007f50d417b800 DEOPT UNPACKING pc=0x00007f50c5005229 sp=0x00007f50b7407910 mode 2
Event: 0,381 loading class java/util/EventObject
Event: 0,381 loading class java/util/EventObject done


Dynamic libraries:
00400000-00401000 r-xp 00000000 08:01 16254765                           /usr/local/java/jdk1.8.0_60/bin/java
00600000-00601000 rw-p 00000000 08:01 16254765                           /usr/local/java/jdk1.8.0_60/bin/java
01637000-01658000 rw-p 00000000 00:00 0                                  [heap]
84a00000-89d00000 rw-p 00000000 00:00 0 
89d00000-d6e00000 ---p 00000000 00:00 0 
d6e00000-d9700000 rw-p 00000000 00:00 0 
d9700000-100000000 ---p 00000000 00:00 0 
100000000-100080000 rw-p 00000000 00:00 0 
100080000-140000000 ---p 00000000 00:00 0 
7f5040000000-7f5040021000 rw-p 00000000 00:00 0 
7f5040021000-7f5044000000 ---p 00000000 00:00 0 
7f50466e7000-7f50466ea000 ---p 00000000 00:00 0 
7f50466ea000-7f50467e8000 rw-p 00000000 00:00 0                          [stack:6392]
7f50467e8000-7f50467eb000 ---p 00000000 00:00 0 
7f50467eb000-7f50468e9000 rw-p 00000000 00:00 0                          [stack:6391]
7f50468e9000-7f50468ec000 ---p 00000000 00:00 0 
7f50468ec000-7f50469ea000 rw-p 00000000 00:00 0                          [stack:6390]
7f50469ea000-7f50469ed000 ---p 00000000 00:00 0 
7f50469ed000-7f5046aeb000 rw-p 00000000 00:00 0                          [stack:6389]
7f5046aeb000-7f5046aee000 ---p 00000000 00:00 0 
7f5046aee000-7f5046bec000 rw-p 00000000 00:00 0                          [stack:6388]
7f5046bec000-7f5046bef000 ---p 00000000 00:00 0 
7f5046bef000-7f5046ced000 rw-p 00000000 00:00 0                          [stack:6387]
7f5046ced000-7f5046cf0000 ---p 00000000 00:00 0 
7f5046cf0000-7f5046dee000 rw-p 00000000 00:00 0                          [stack:6386]
7f5046dee000-7f5046df1000 ---p 00000000 00:00 0 
7f5046df1000-7f5046eef000 rw-p 00000000 00:00 0                          [stack:6385]
7f5046eef000-7f5046ef2000 ---p 00000000 00:00 0 
7f5046ef2000-7f5046ff0000 rw-p 00000000 00:00 0                          [stack:6384]
7f5046ff0000-7f5046ff3000 ---p 00000000 00:00 0 
7f5046ff3000-7f50470f1000 rw-p 00000000 00:00 0                          [stack:6383]
7f50470f1000-7f50470f4000 ---p 00000000 00:00 0 
7f50470f4000-7f50471f2000 rw-p 00000000 00:00 0                          [stack:6382]
7f50471f2000-7f50471f5000 ---p 00000000 00:00 0 
7f50471f5000-7f50472f3000 rw-p 00000000 00:00 0                          [stack:6381]
7f50472f3000-7f50472f6000 ---p 00000000 00:00 0 
7f50472f6000-7f50473f4000 rw-p 00000000 00:00 0                          [stack:6380]
7f50473f4000-7f50473f7000 ---p 00000000 00:00 0 
7f50473f7000-7f50474f5000 rw-p 00000000 00:00 0                          [stack:6379]
7f50474f5000-7f50474f8000 ---p 00000000 00:00 0 
7f50474f8000-7f50475f6000 rw-p 00000000 00:00 0                          [stack:6378]
7f50475f6000-7f50475f9000 ---p 00000000 00:00 0 
7f50475f9000-7f50476f7000 rw-p 00000000 00:00 0                          [stack:6377]
7f50476f7000-7f50476fa000 ---p 00000000 00:00 0 
7f50476fa000-7f50477f8000 rw-p 00000000 00:00 0                          [stack:6376]
7f50477f8000-7f50477fb000 ---p 00000000 00:00 0 
7f50477fb000-7f50478f9000 rw-p 00000000 00:00 0                          [stack:6375]
7f50478f9000-7f50478fc000 ---p 00000000 00:00 0 
7f50478fc000-7f50479fa000 rw-p 00000000 00:00 0                          [stack:6374]
7f50479fa000-7f50479fd000 ---p 00000000 00:00 0 
7f50479fd000-7f5047afb000 rw-p 00000000 00:00 0                          [stack:6373]
7f5047afb000-7f5047afe000 ---p 00000000 00:00 0 
7f5047afe000-7f5047bfc000 rw-p 00000000 00:00 0                          [stack:6372]
7f5047bfc000-7f5047bff000 ---p 00000000 00:00 0 
7f5047bff000-7f5047cfd000 rw-p 00000000 00:00 0                          [stack:6371]
7f5047cfd000-7f5047d00000 ---p 00000000 00:00 0 
7f5047d00000-7f5047dfe000 rw-p 00000000 00:00 0                          [stack:6370]
7f5047dfe000-7f5047e01000 ---p 00000000 00:00 0 
7f5047e01000-7f5047eff000 rw-p 00000000 00:00 0                          [stack:6369]
7f5047eff000-7f5047f02000 ---p 00000000 00:00 0 
7f5047f02000-7f5048000000 rw-p 00000000 00:00 0                          [stack:6368]
7f5048000000-7f5048021000 rw-p 00000000 00:00 0 
7f5048021000-7f504c000000 ---p 00000000 00:00 0 
7f504c000000-7f504c021000 rw-p 00000000 00:00 0 
7f504c021000-7f5050000000 ---p 00000000 00:00 0 
7f5050000000-7f5050021000 rw-p 00000000 00:00 0 
7f5050021000-7f5054000000 ---p 00000000 00:00 0 
7f5054000000-7f5054021000 rw-p 00000000 00:00 0 
7f5054021000-7f5058000000 ---p 00000000 00:00 0 
7f5058000000-7f5058021000 rw-p 00000000 00:00 0 
7f5058021000-7f505c000000 ---p 00000000 00:00 0 
7f505c000000-7f505c021000 rw-p 00000000 00:00 0 
7f505c021000-7f5060000000 ---p 00000000 00:00 0 
7f5060000000-7f5060021000 rw-p 00000000 00:00 0 
7f5060021000-7f5064000000 ---p 00000000 00:00 0 
7f5064000000-7f5064021000 rw-p 00000000 00:00 0 
7f5064021000-7f5068000000 ---p 00000000 00:00 0 
7f5068000000-7f5068021000 rw-p 00000000 00:00 0 
7f5068021000-7f506c000000 ---p 00000000 00:00 0 
7f506c000000-7f506c021000 rw-p 00000000 00:00 0 
7f506c021000-7f5070000000 ---p 00000000 00:00 0 
7f5070000000-7f5070021000 rw-p 00000000 00:00 0 
7f5070021000-7f5074000000 ---p 00000000 00:00 0 
7f5074000000-7f5074021000 rw-p 00000000 00:00 0 
7f5074021000-7f5078000000 ---p 00000000 00:00 0 
7f5078000000-7f5078021000 rw-p 00000000 00:00 0 
7f5078021000-7f507c000000 ---p 00000000 00:00 0 
7f507c000000-7f507c021000 rw-p 00000000 00:00 0 
7f507c021000-7f5080000000 ---p 00000000 00:00 0 
7f5080000000-7f5080021000 rw-p 00000000 00:00 0 
7f5080021000-7f5084000000 ---p 00000000 00:00 0 
7f5084000000-7f5084021000 rw-p 00000000 00:00 0 
7f5084021000-7f5088000000 ---p 00000000 00:00 0 
7f5088000000-7f5088021000 rw-p 00000000 00:00 0 
7f5088021000-7f508c000000 ---p 00000000 00:00 0 
7f508c000000-7f508c021000 rw-p 00000000 00:00 0 
7f508c021000-7f5090000000 ---p 00000000 00:00 0 
7f5090000000-7f5090198000 rw-p 00000000 00:00 0 
7f5090198000-7f5094000000 ---p 00000000 00:00 0 
7f5094000000-7f50941a9000 rw-p 00000000 00:00 0 
7f50941a9000-7f5098000000 ---p 00000000 00:00 0 
7f5098000000-7f5098021000 rw-p 00000000 00:00 0 
7f5098021000-7f509c000000 ---p 00000000 00:00 0 
7f509c000000-7f509c1dd000 rw-p 00000000 00:00 0 
7f509c1dd000-7f50a0000000 ---p 00000000 00:00 0 
7f50a0000000-7f50a0021000 rw-p 00000000 00:00 0 
7f50a0021000-7f50a4000000 ---p 00000000 00:00 0 
7f50a4000000-7f50a4021000 rw-p 00000000 00:00 0 
7f50a4021000-7f50a8000000 ---p 00000000 00:00 0 
7f50a8000000-7f50a8021000 rw-p 00000000 00:00 0 
7f50a8021000-7f50ac000000 ---p 00000000 00:00 0 
7f50ac000000-7f50ac021000 rw-p 00000000 00:00 0 
7f50ac021000-7f50b0000000 ---p 00000000 00:00 0 
7f50b0000000-7f50b0021000 rw-p 00000000 00:00 0 
7f50b0021000-7f50b4000000 ---p 00000000 00:00 0 
7f50b40d9000-7f50b40dc000 ---p 00000000 00:00 0 
7f50b40dc000-7f50b41da000 rw-p 00000000 00:00 0                          [stack:6367]
7f50b41da000-7f50b41dd000 ---p 00000000 00:00 0 
7f50b41dd000-7f50b42db000 rw-p 00000000 00:00 0                          [stack:6366]
7f50b42db000-7f50b42de000 ---p 00000000 00:00 0 
7f50b42de000-7f50b43dc000 rw-p 00000000 00:00 0                          [stack:6365]
7f50b43dc000-7f50b43df000 ---p 00000000 00:00 0 
7f50b43df000-7f50b44dd000 rw-p 00000000 00:00 0                          [stack:6364]
7f50b44dd000-7f50b44e0000 ---p 00000000 00:00 0 
7f50b44e0000-7f50b45de000 rw-p 00000000 00:00 0                          [stack:6363]
7f50b45de000-7f50b45e1000 ---p 00000000 00:00 0 
7f50b45e1000-7f50b46df000 rw-p 00000000 00:00 0                          [stack:6362]
7f50b46df000-7f50b46e2000 ---p 00000000 00:00 0 
7f50b46e2000-7f50b47e0000 rw-p 00000000 00:00 0                          [stack:6361]
7f50b47e0000-7f50b47e3000 ---p 00000000 00:00 0 
7f50b47e3000-7f50b48e1000 rw-p 00000000 00:00 0                          [stack:6360]
7f50b48e1000-7f50b48e4000 ---p 00000000 00:00 0 
7f50b48e4000-7f50b49e2000 rw-p 00000000 00:00 0                          [stack:6359]
7f50b49e2000-7f50b49e5000 ---p 00000000 00:00 0 
7f50b49e5000-7f50b4ae3000 rw-p 00000000 00:00 0                          [stack:6358]
7f50b4ae3000-7f50b4ae6000 ---p 00000000 00:00 0 
7f50b4ae6000-7f50b4be4000 rw-p 00000000 00:00 0                          [stack:6357]
7f50b4be4000-7f50b4be7000 ---p 00000000 00:00 0 
7f50b4be7000-7f50b4ce5000 rw-p 00000000 00:00 0                          [stack:6356]
7f50b4ce5000-7f50b4ce8000 ---p 00000000 00:00 0 
7f50b4ce8000-7f50b4de6000 rw-p 00000000 00:00 0                          [stack:6355]
7f50b4de6000-7f50b4de9000 ---p 00000000 00:00 0 
7f50b4de9000-7f50b4ee7000 rw-p 00000000 00:00 0                          [stack:6354]
7f50b4ee7000-7f50b4eea000 ---p 00000000 00:00 0 
7f50b4eea000-7f50b4fe8000 rw-p 00000000 00:00 0                          [stack:6353]
7f50b4fe8000-7f50b4feb000 ---p 00000000 00:00 0 
7f50b4feb000-7f50b50e9000 rw-p 00000000 00:00 0                          [stack:6352]
7f50b50e9000-7f50b50ec000 ---p 00000000 00:00 0 
7f50b50ec000-7f50b51ea000 rw-p 00000000 00:00 0                          [stack:6351]
7f50b51ea000-7f50b51ed000 ---p 00000000 00:00 0 
7f50b51ed000-7f50b52eb000 rw-p 00000000 00:00 0                          [stack:6350]
7f50b52eb000-7f50b52ee000 ---p 00000000 00:00 0 
7f50b52ee000-7f50b53ec000 rw-p 00000000 00:00 0                          [stack:6349]
7f50b53ec000-7f50b53ef000 ---p 00000000 00:00 0 
7f50b53ef000-7f50b54ed000 rw-p 00000000 00:00 0                          [stack:6348]
7f50b54ed000-7f50b54f0000 ---p 00000000 00:00 0 
7f50b54f0000-7f50b55ee000 rw-p 00000000 00:00 0                          [stack:6347]
7f50b55ee000-7f50b55f1000 ---p 00000000 00:00 0 
7f50b55f1000-7f50b56ef000 rw-p 00000000 00:00 0                          [stack:6346]
7f50b56ef000-7f50b56f2000 ---p 00000000 00:00 0 
7f50b56f2000-7f50b57f0000 rw-p 00000000 00:00 0                          [stack:6345]
7f50b57f0000-7f50b57f3000 ---p 00000000 00:00 0 
7f50b57f3000-7f50b58f1000 rw-p 00000000 00:00 0                          [stack:6344]
7f50b58f1000-7f50b58f4000 ---p 00000000 00:00 0 
7f50b58f4000-7f50b59f2000 rw-p 00000000 00:00 0                          [stack:6343]
7f50b59f2000-7f50b59f5000 ---p 00000000 00:00 0 
7f50b59f5000-7f50b5af3000 rw-p 00000000 00:00 0                          [stack:6342]
7f50b5af3000-7f50b5af6000 ---p 00000000 00:00 0 
7f50b5af6000-7f50b5bf4000 rw-p 00000000 00:00 0                          [stack:6341]
7f50b5bf4000-7f50b5bf7000 ---p 00000000 00:00 0 
7f50b5bf7000-7f50b5cf5000 rw-p 00000000 00:00 0                          [stack:6340]
7f50b5cf5000-7f50b5cf8000 ---p 00000000 00:00 0 
7f50b5cf8000-7f50b5df6000 rw-p 00000000 00:00 0                          [stack:6339]
7f50b5df6000-7f50b5df9000 ---p 00000000 00:00 0 
7f50b5df9000-7f50b5ef7000 rw-p 00000000 00:00 0                          [stack:6338]
7f50b5ef7000-7f50b5efa000 ---p 00000000 00:00 0 
7f50b5efa000-7f50b5ff8000 rw-p 00000000 00:00 0                          [stack:6337]
7f50b5ff8000-7f50b5ffb000 ---p 00000000 00:00 0 
7f50b5ffb000-7f50b60f9000 rw-p 00000000 00:00 0                          [stack:6336]
7f50b60f9000-7f50b60fc000 ---p 00000000 00:00 0 
7f50b60fc000-7f50b61fa000 rw-p 00000000 00:00 0                          [stack:6335]
7f50b61fa000-7f50b61fd000 ---p 00000000 00:00 0 
7f50b61fd000-7f50b62fb000 rw-p 00000000 00:00 0                          [stack:6334]
7f50b62fb000-7f50b62fe000 ---p 00000000 00:00 0 
7f50b62fe000-7f50b63fc000 rw-p 00000000 00:00 0                          [stack:6333]
7f50b63fc000-7f50b63ff000 ---p 00000000 00:00 0 
7f50b63ff000-7f50b64fd000 rw-p 00000000 00:00 0                          [stack:6332]
7f50b64fd000-7f50b6500000 ---p 00000000 00:00 0 
7f50b6500000-7f50b65fe000 rw-p 00000000 00:00 0                          [stack:6331]
7f50b65fe000-7f50b6601000 ---p 00000000 00:00 0 
7f50b6601000-7f50b66ff000 rw-p 00000000 00:00 0                          [stack:6330]
7f50b66ff000-7f50b6702000 ---p 00000000 00:00 0 
7f50b6702000-7f50b6800000 rw-p 00000000 00:00 0                          [stack:6329]
7f50b6800000-7f50b6803000 ---p 00000000 00:00 0 
7f50b6803000-7f50b6901000 rw-p 00000000 00:00 0                          [stack:6328]
7f50b6901000-7f50b6904000 ---p 00000000 00:00 0 
7f50b6904000-7f50b6a02000 rw-p 00000000 00:00 0                          [stack:6327]
7f50b6a02000-7f50b6a05000 ---p 00000000 00:00 0 
7f50b6a05000-7f50b6b03000 rw-p 00000000 00:00 0                          [stack:6326]
7f50b6b03000-7f50b6b06000 ---p 00000000 00:00 0 
7f50b6b06000-7f50b6c04000 rw-p 00000000 00:00 0                          [stack:6325]
7f50b6c04000-7f50b6c07000 ---p 00000000 00:00 0 
7f50b6c07000-7f50b6d05000 rw-p 00000000 00:00 0                          [stack:6324]
7f50b6d05000-7f50b6d08000 ---p 00000000 00:00 0 
7f50b6d08000-7f50b6e06000 rw-p 00000000 00:00 0                          [stack:6323]
7f50b6e06000-7f50b6e09000 ---p 00000000 00:00 0 
7f50b6e09000-7f50b6f07000 rw-p 00000000 00:00 0                          [stack:6322]
7f50b6f07000-7f50b6f0a000 ---p 00000000 00:00 0 
7f50b6f0a000-7f50b7008000 rw-p 00000000 00:00 0                          [stack:6321]
7f50b7008000-7f50b700b000 ---p 00000000 00:00 0 
7f50b700b000-7f50b7109000 rw-p 00000000 00:00 0                          [stack:6320]
7f50b7109000-7f50b710c000 ---p 00000000 00:00 0 
7f50b710c000-7f50b720a000 rw-p 00000000 00:00 0                          [stack:6319]
7f50b720a000-7f50b720d000 ---p 00000000 00:00 0 
7f50b720d000-7f50b730b000 rw-p 00000000 00:00 0                          [stack:6318]
7f50b730b000-7f50b730e000 ---p 00000000 00:00 0 
7f50b730e000-7f50b740c000 rw-p 00000000 00:00 0                          [stack:6317]
7f50b740c000-7f50b7418000 r-xp 00000000 08:01 15605253                   /home/philipe/jdk1.8.0_51/jre/lib/amd64/librxtxSerial.so
7f50b7418000-7f50b7517000 ---p 0000c000 08:01 15605253                   /home/philipe/jdk1.8.0_51/jre/lib/amd64/librxtxSerial.so
7f50b7517000-7f50b7519000 rw-p 0000b000 08:01 15605253                   /home/philipe/jdk1.8.0_51/jre/lib/amd64/librxtxSerial.so
7f50b7519000-7f50b751a000 ---p 00000000 00:00 0 
7f50b751a000-7f50b761a000 rw-p 00000000 00:00 0                          [stack:6316]
7f50b761a000-7f50b761d000 ---p 00000000 00:00 0 
7f50b761d000-7f50b771b000 rw-p 00000000 00:00 0                          [stack:6315]
7f50b771b000-7f50b771e000 ---p 00000000 00:00 0 
7f50b771e000-7f50b781c000 rw-p 00000000 00:00 0                          [stack:6314]
7f50b781c000-7f50b781f000 ---p 00000000 00:00 0 
7f50b781f000-7f50b791d000 rw-p 00000000 00:00 0                          [stack:6313]
7f50b791d000-7f50b8000000 r--p 00000000 08:01 1186356                    /usr/lib/locale/locale-archive
7f50b8000000-7f50b8021000 rw-p 00000000 00:00 0 
7f50b8021000-7f50bc000000 ---p 00000000 00:00 0 
7f50bc04e000-7f50bc051000 ---p 00000000 00:00 0 
7f50bc051000-7f50bc14f000 rw-p 00000000 00:00 0                          [stack:6312]
7f50bc14f000-7f50bc152000 ---p 00000000 00:00 0 
7f50bc152000-7f50c0000000 rw-p 00000000 00:00 0                          [stack:6311]
7f50c0000000-7f50c0021000 rw-p 00000000 00:00 0 
7f50c0021000-7f50c4000000 ---p 00000000 00:00 0 
7f50c407d000-7f50c408e000 r--s 0016f000 08:01 18483572                   /home/philipe/Documents/jfreechart-1.0.19/lib/jfreechart-1.0.19.jar
7f50c408e000-7f50c4091000 ---p 00000000 00:00 0 
7f50c4091000-7f50c418f000 rw-p 00000000 00:00 0                          [stack:6310]
7f50c418f000-7f50c4192000 ---p 00000000 00:00 0 
7f50c4192000-7f50c4290000 rw-p 00000000 00:00 0                          [stack:6309]
7f50c4290000-7f50c4291000 ---p 00000000 00:00 0 
7f50c4291000-7f50c5000000 rw-p 00000000 00:00 0                          [stack:6308]
7f50c5000000-7f50c5270000 rwxp 00000000 00:00 0 
7f50c5270000-7f50d4000000 ---p 00000000 00:00 0 
7f50d4000000-7f50d4445000 rw-p 00000000 00:00 0 
7f50d4445000-7f50d8000000 ---p 00000000 00:00 0 
7f50d8008000-7f50d837b000 rw-p 00000000 00:00 0 
7f50d837b000-7f50d8553000 r--s 03d17000 08:01 16254672                   /usr/local/java/jdk1.8.0_60/jre/lib/rt.jar
7f50d8553000-7f50d8a09000 rw-p 00000000 00:00 0 
7f50d8a09000-7f50d8dc9000 ---p 00000000 00:00 0 
7f50d8dc9000-7f50d91a4000 rw-p 00000000 00:00 0 
7f50d91a4000-7f50d91a5000 ---p 00000000 00:00 0 
7f50d91a5000-7f50d92a5000 rw-p 00000000 00:00 0                          [stack:6307]
7f50d92a5000-7f50d92a6000 ---p 00000000 00:00 0 
7f50d92a6000-7f50d93a6000 rw-p 00000000 00:00 0                          [stack:6306]
7f50d93a6000-7f50d93a7000 ---p 00000000 00:00 0 
7f50d93a7000-7f50d94a7000 rw-p 00000000 00:00 0                          [stack:6305]
7f50d94a7000-7f50d94a8000 ---p 00000000 00:00 0 
7f50d94a8000-7f50d95d2000 rw-p 00000000 00:00 0                          [stack:6304]
7f50d95d2000-7f50d983a000 ---p 00000000 00:00 0 
7f50d983a000-7f50d9864000 rw-p 00000000 00:00 0 
7f50d9864000-7f50d9acc000 ---p 00000000 00:00 0 
7f50d9acc000-7f50d9ae1000 rw-p 00000000 00:00 0 
7f50d9ae1000-7f50d9c15000 ---p 00000000 00:00 0 
7f50d9c15000-7f50d9c20000 rw-p 00000000 00:00 0 
7f50d9c20000-7f50d9fd6000 ---p 00000000 00:00 0 
7f50d9fd6000-7f50d9ff0000 r-xp 00000000 08:01 16254622                   /usr/local/java/jdk1.8.0_60/jre/lib/amd64/libzip.so
7f50d9ff0000-7f50da1f0000 ---p 0001a000 08:01 16254622                   /usr/local/java/jdk1.8.0_60/jre/lib/amd64/libzip.so
7f50da1f0000-7f50da1f1000 rw-p 0001a000 08:01 16254622                   /usr/local/java/jdk1.8.0_60/jre/lib/amd64/libzip.so
7f50da1f1000-7f50da1fc000 r-xp 00000000 08:01 3014759                    /lib/x86_64-linux-gnu/libnss_files-2.19.so
7f50da1fc000-7f50da3fb000 ---p 0000b000 08:01 3014759                    /lib/x86_64-linux-gnu/libnss_files-2.19.so
7f50da3fb000-7f50da3fc000 r--p 0000a000 08:01 3014759                    /lib/x86_64-linux-gnu/libnss_files-2.19.so
7f50da3fc000-7f50da3fd000 rw-p 0000b000 08:01 3014759                    /lib/x86_64-linux-gnu/libnss_files-2.19.so
7f50da3fd000-7f50da408000 r-xp 00000000 08:01 3019162                    /lib/x86_64-linux-gnu/libnss_nis-2.19.so
7f50da408000-7f50da607000 ---p 0000b000 08:01 3019162                    /lib/x86_64-linux-gnu/libnss_nis-2.19.so
7f50da607000-7f50da608000 r--p 0000a000 08:01 3019162                    /lib/x86_64-linux-gnu/libnss_nis-2.19.so
7f50da608000-7f50da609000 rw-p 0000b000 08:01 3019162                    /lib/x86_64-linux-gnu/libnss_nis-2.19.so
7f50da609000-7f50da620000 r-xp 00000000 08:01 3018959                    /lib/x86_64-linux-gnu/libnsl-2.19.so
7f50da620000-7f50da81f000 ---p 00017000 08:01 3018959                    /lib/x86_64-linux-gnu/libnsl-2.19.so
7f50da81f000-7f50da820000 r--p 00016000 08:01 3018959                    /lib/x86_64-linux-gnu/libnsl-2.19.so
7f50da820000-7f50da821000 rw-p 00017000 08:01 3018959                    /lib/x86_64-linux-gnu/libnsl-2.19.so
7f50da821000-7f50da823000 rw-p 00000000 00:00 0 
7f50da823000-7f50da82c000 r-xp 00000000 08:01 3018958                    /lib/x86_64-linux-gnu/libnss_compat-2.19.so
7f50da82c000-7f50daa2b000 ---p 00009000 08:01 3018958                    /lib/x86_64-linux-gnu/libnss_compat-2.19.so
7f50daa2b000-7f50daa2c000 r--p 00008000 08:01 3018958                    /lib/x86_64-linux-gnu/libnss_compat-2.19.so
7f50daa2c000-7f50daa2d000 rw-p 00009000 08:01 3018958                    /lib/x86_64-linux-gnu/libnss_compat-2.19.so
7f50daa2d000-7f50daa57000 r-xp 00000000 08:01 16254600                   /usr/local/java/jdk1.8.0_60/jre/lib/amd64/libjava.so
7f50daa57000-7f50dac57000 ---p 0002a000 08:01 16254600                   /usr/local/java/jdk1.8.0_60/jre/lib/amd64/libjava.so
7f50dac57000-7f50dac59000 rw-p 0002a000 08:01 16254600                   /usr/local/java/jdk1.8.0_60/jre/lib/amd64/libjava.so
7f50dac59000-7f50dac66000 r-xp 00000000 08:01 16254616                   /usr/local/java/jdk1.8.0_60/jre/lib/amd64/libverify.so
7f50dac66000-7f50dae66000 ---p 0000d000 08:01 16254616                   /usr/local/java/jdk1.8.0_60/jre/lib/amd64/libverify.so
7f50dae66000-7f50dae68000 rw-p 0000d000 08:01 16254616                   /usr/local/java/jdk1.8.0_60/jre/lib/amd64/libverify.so
7f50dae68000-7f50dae6f000 r-xp 00000000 08:01 3019117                    /lib/x86_64-linux-gnu/librt-2.19.so
7f50dae6f000-7f50db06e000 ---p 00007000 08:01 3019117                    /lib/x86_64-linux-gnu/librt-2.19.so
7f50db06e000-7f50db06f000 r--p 00006000 08:01 3019117                    /lib/x86_64-linux-gnu/librt-2.19.so
7f50db06f000-7f50db070000 rw-p 00007000 08:01 3019117                    /lib/x86_64-linux-gnu/librt-2.19.so
7f50db070000-7f50db175000 r-xp 00000000 08:01 3014758                    /lib/x86_64-linux-gnu/libm-2.19.so
7f50db175000-7f50db374000 ---p 00105000 08:01 3014758                    /lib/x86_64-linux-gnu/libm-2.19.so
7f50db374000-7f50db375000 r--p 00104000 08:01 3014758                    /lib/x86_64-linux-gnu/libm-2.19.so
7f50db375000-7f50db376000 rw-p 00105000 08:01 3014758                    /lib/x86_64-linux-gnu/libm-2.19.so
7f50db376000-7f50dc034000 r-xp 00000000 08:01 16254638                   /usr/local/java/jdk1.8.0_60/jre/lib/amd64/server/libjvm.so
7f50dc034000-7f50dc233000 ---p 00cbe000 08:01 16254638                   /usr/local/java/jdk1.8.0_60/jre/lib/amd64/server/libjvm.so
7f50dc233000-7f50dc30b000 rw-p 00cbd000 08:01 16254638                   /usr/local/java/jdk1.8.0_60/jre/lib/amd64/server/libjvm.so
7f50dc30b000-7f50dc350000 rw-p 00000000 00:00 0 
7f50dc350000-7f50dc50b000 r-xp 00000000 08:01 3019114                    /lib/x86_64-linux-gnu/libc-2.19.so
7f50dc50b000-7f50dc70a000 ---p 001bb000 08:01 3019114                    /lib/x86_64-linux-gnu/libc-2.19.so
7f50dc70a000-7f50dc70e000 r--p 001ba000 08:01 3019114                    /lib/x86_64-linux-gnu/libc-2.19.so
7f50dc70e000-7f50dc710000 rw-p 001be000 08:01 3019114                    /lib/x86_64-linux-gnu/libc-2.19.so
7f50dc710000-7f50dc715000 rw-p 00000000 00:00 0 
7f50dc715000-7f50dc718000 r-xp 00000000 08:01 3018640                    /lib/x86_64-linux-gnu/libdl-2.19.so
7f50dc718000-7f50dc917000 ---p 00003000 08:01 3018640                    /lib/x86_64-linux-gnu/libdl-2.19.so
7f50dc917000-7f50dc918000 r--p 00002000 08:01 3018640                    /lib/x86_64-linux-gnu/libdl-2.19.so
7f50dc918000-7f50dc919000 rw-p 00003000 08:01 3018640                    /lib/x86_64-linux-gnu/libdl-2.19.so
7f50dc919000-7f50dc92e000 r-xp 00000000 08:01 16253683                   /usr/local/java/jdk1.8.0_60/lib/amd64/jli/libjli.so
7f50dc92e000-7f50dcb2e000 ---p 00015000 08:01 16253683                   /usr/local/java/jdk1.8.0_60/lib/amd64/jli/libjli.so
7f50dcb2e000-7f50dcb2f000 rw-p 00015000 08:01 16253683                   /usr/local/java/jdk1.8.0_60/lib/amd64/jli/libjli.so
7f50dcb2f000-7f50dcb48000 r-xp 00000000 08:01 3019115                    /lib/x86_64-linux-gnu/libpthread-2.19.so
7f50dcb48000-7f50dcd47000 ---p 00019000 08:01 3019115                    /lib/x86_64-linux-gnu/libpthread-2.19.so
7f50dcd47000-7f50dcd48000 r--p 00018000 08:01 3019115                    /lib/x86_64-linux-gnu/libpthread-2.19.so
7f50dcd48000-7f50dcd49000 rw-p 00019000 08:01 3019115                    /lib/x86_64-linux-gnu/libpthread-2.19.so
7f50dcd49000-7f50dcd4d000 rw-p 00000000 00:00 0 
7f50dcd4d000-7f50dcd70000 r-xp 00000000 08:01 3019012                    /lib/x86_64-linux-gnu/ld-2.19.so
7f50dcd70000-7f50dcd71000 rw-p 00000000 00:00 0 
7f50dcd71000-7f50dcd73000 r--s 0000d000 08:01 1574352                    /usr/share/java/RXTXcomm-2.2pre2.jar
7f50dcd73000-7f50dcd75000 r--s 00009000 08:01 18483568                   /home/philipe/Documents/jfreechart-1.0.19/lib/hamcrest-core-1.3.jar
7f50dcd75000-7f50dcd7b000 r--s 0004b000 08:01 18483569                   /home/philipe/Documents/jfreechart-1.0.19/lib/jcommon-1.0.23.jar
7f50dcd7b000-7f50dcd7d000 r--s 00012000 08:01 18483571                   /home/philipe/Documents/jfreechart-1.0.19/lib/jfreechart-1.0.19-swt.jar
7f50dcd7d000-7f50dce48000 rw-p 00000000 00:00 0 
7f50dce48000-7f50dce4b000 ---p 00000000 00:00 0 
7f50dce4b000-7f50dcf4d000 rw-p 00000000 00:00 0                          [stack:6303]
7f50dcf4d000-7f50dcf4e000 r--s 00003000 08:01 18483570                   /home/philipe/Documents/jfreechart-1.0.19/lib/jfreechart-1.0.19-experimental.jar
7f50dcf4e000-7f50dcf50000 r--s 0000b000 08:01 18483573                   /home/philipe/Documents/jfreechart-1.0.19/lib/jfreesvg-2.0.jar
7f50dcf50000-7f50dcf56000 r--s 00036000 08:01 18483574                   /home/philipe/Documents/jfreechart-1.0.19/lib/junit-4.11.jar
7f50dcf56000-7f50dcf5d000 r--s 00066000 08:01 18483575                   /home/philipe/Documents/jfreechart-1.0.19/lib/orsoncharts-1.4-eval-nofx.jar
7f50dcf5d000-7f50dcf5f000 r--s 00010000 08:01 18483576                   /home/philipe/Documents/jfreechart-1.0.19/lib/orsonpdf-1.6-eval.jar
7f50dcf5f000-7f50dcf62000 r--s 00011000 08:01 18483577                   /home/philipe/Documents/jfreechart-1.0.19/lib/servlet.jar
7f50dcf62000-7f50dcf63000 r--s 00004000 08:01 18483578                   /home/philipe/Documents/jfreechart-1.0.19/lib/swtgraphics2d.jar
7f50dcf63000-7f50dcf6b000 rw-s 00000000 08:01 28442830                   /tmp/hsperfdata_philipe/6297
7f50dcf6b000-7f50dcf6c000 rw-p 00000000 00:00 0 
7f50dcf6c000-7f50dcf6d000 r--p 00000000 00:00 0 
7f50dcf6d000-7f50dcf6f000 rw-p 00000000 00:00 0 
7f50dcf6f000-7f50dcf70000 r--p 00022000 08:01 3019012                    /lib/x86_64-linux-gnu/ld-2.19.so
7f50dcf70000-7f50dcf71000 rw-p 00023000 08:01 3019012                    /lib/x86_64-linux-gnu/ld-2.19.so
7f50dcf71000-7f50dcf72000 rw-p 00000000 00:00 0 
7ffd3fad1000-7ffd3faf2000 rw-p 00000000 00:00 0                          [stack]
7ffd3fafc000-7ffd3fafe000 r-xp 00000000 00:00 0                          [vdso]
7ffd3fafe000-7ffd3fb00000 r--p 00000000 00:00 0                          [vvar]
ffffffffff600000-ffffffffff601000 r-xp 00000000 00:00 0                  [vsyscall]

VM Arguments:
jvm_args: -Djava.library.path=/home/philipe/jdk1.8.0_51/jre/lib/amd64 -Dfile.encoding=UTF-8 
java_command: controllers.Aplication
java_class_path (initial): /home/philipe/workspace/Simulador/bin:/home/philipe/Documents/jfreechart-1.0.19/lib/swtgraphics2d.jar:/home/philipe/Documents/jfreechart-1.0.19/lib/servlet.jar:/home/philipe/Documents/jfreechart-1.0.19/lib/orsonpdf-1.6-eval.jar:/home/philipe/Documents/jfreechart-1.0.19/lib/orsoncharts-1.4-eval-nofx.jar:/home/philipe/Documents/jfreechart-1.0.19/lib/junit-4.11.jar:/home/philipe/Documents/jfreechart-1.0.19/lib/jfreesvg-2.0.jar:/home/philipe/Documents/jfreechart-1.0.19/lib/jfreechart-1.0.19-swt.jar:/home/philipe/Documents/jfreechart-1.0.19/lib/jfreechart-1.0.19-experimental.jar:/home/philipe/Documents/jfreechart-1.0.19/lib/jfreechart-1.0.19.jar:/home/philipe/Documents/jfreechart-1.0.19/lib/jcommon-1.0.23.jar:/home/philipe/Documents/jfreechart-1.0.19/lib/hamcrest-core-1.3.jar:/usr/share/java/RXTXcomm.jar
Launcher Type: SUN_STANDARD

Environment Variables:
JAVA_HOME=/usr/local/java/jdk1.8.0_60
PATH=/usr/local/sbin:/usr/local/bin:/usr/sbin:/usr/bin:/sbin:/bin:/usr/games:/usr/local/games:/home/philipe/bin:/usr/local/java/jdk1.8.0_60/bin
SHELL=/bin/bash
DISPLAY=:0.0

Signal Handlers:
SIGSEGV: [libjvm.so+0xaba070], sa_mask[0]=11111111011111111101111111111110, sa_flags=SA_RESTART|SA_SIGINFO
SIGBUS: [libjvm.so+0xaba070], sa_mask[0]=11111111011111111101111111111110, sa_flags=SA_RESTART|SA_SIGINFO
SIGFPE: [libjvm.so+0x917630], sa_mask[0]=11111111011111111101111111111110, sa_flags=SA_RESTART|SA_SIGINFO
SIGPIPE: [libjvm.so+0x917630], sa_mask[0]=11111111011111111101111111111110, sa_flags=SA_RESTART|SA_SIGINFO
SIGXFSZ: [libjvm.so+0x917630], sa_mask[0]=11111111011111111101111111111110, sa_flags=SA_RESTART|SA_SIGINFO
SIGILL: [libjvm.so+0x917630], sa_mask[0]=11111111011111111101111111111110, sa_flags=SA_RESTART|SA_SIGINFO
SIGUSR1: SIG_DFL, sa_mask[0]=00000000000000000000000000000000, sa_flags=none
SIGUSR2: [libjvm.so+0x918c60], sa_mask[0]=00100000000000000000000000000000, sa_flags=SA_RESTART|SA_SIGINFO
SIGHUP: [libjvm.so+0x91a060], sa_mask[0]=11111111011111111101111111111110, sa_flags=SA_RESTART|SA_SIGINFO
SIGINT: [libjvm.so+0x91a060], sa_mask[0]=11111111011111111101111111111110, sa_flags=SA_RESTART|SA_SIGINFO
SIGTERM: [libjvm.so+0x91a060], sa_mask[0]=11111111011111111101111111111110, sa_flags=SA_RESTART|SA_SIGINFO
SIGQUIT: [libjvm.so+0x91a060], sa_mask[0]=11111111011111111101111111111110, sa_flags=SA_RESTART|SA_SIGINFO


---------------  S Y S T E M  ---------------

OS:DISTRIB_ID=Ubuntu
DISTRIB_RELEASE=14.04
DISTRIB_CODENAME=trusty
DISTRIB_DESCRIPTION="Ubuntu 14.04.3 LTS"

uname:Linux 3.16.0-57-generic #77~14.04.1-Ubuntu SMP Thu Dec 17 23:20:00 UTC 2015 x86_64
libc:glibc 2.19 NPTL 2.19 
rlimit: STACK 8192k, CORE 0k, NPROC 31476, NOFILE 4096, AS infinity
load average:0,32 0,36 0,31

/proc/meminfo:
MemTotal:        8079312 kB
MemFree:         4258212 kB
MemAvailable:    5647528 kB
Buffers:          228240 kB
Cached:          1299808 kB
SwapCached:            0 kB
Active:          2868576 kB
Inactive:         618368 kB
Active(anon):    1960028 kB
Inactive(anon):    37300 kB
Active(file):     908548 kB
Inactive(file):   581068 kB
Unevictable:          48 kB
Mlocked:              48 kB
SwapTotal:       8289276 kB
SwapFree:        8289276 kB
Dirty:               152 kB
Writeback:             0 kB
AnonPages:       1958952 kB
Mapped:           348772 kB
Shmem:             38436 kB
Slab:             170928 kB
SReclaimable:     137284 kB
SUnreclaim:        33644 kB
KernelStack:        9808 kB
PageTables:        32824 kB
NFS_Unstable:          0 kB
Bounce:                0 kB
WritebackTmp:          0 kB
CommitLimit:    12328932 kB
Committed_AS:    5885576 kB
VmallocTotal:   34359738367 kB
VmallocUsed:      393988 kB
VmallocChunk:   34359268224 kB
HardwareCorrupted:     0 kB
AnonHugePages:    894976 kB
HugePages_Total:       0
HugePages_Free:        0
HugePages_Rsvd:        0
HugePages_Surp:        0
Hugepagesize:       2048 kB
DirectMap4k:      187872 kB
DirectMap2M:     3909632 kB
DirectMap1G:     4194304 kB


CPU:total 4 (2 cores per cpu, 2 threads per core) family 6 model 69 stepping 1, cmov, cx8, fxsr, mmx, sse, sse2, sse3, ssse3, sse4.1, sse4.2, popcnt, avx, avx2, aes, clmul, erms, lzcnt, ht, tsc, tscinvbit, bmi1, bmi2

/proc/cpuinfo:
processor	: 0
vendor_id	: GenuineIntel
cpu family	: 6
model		: 69
model name	: Intel(R) Core(TM) i7-4510U CPU @ 2.00GHz
stepping	: 1
microcode	: 0x17
cpu MHz		: 2880.617
cache size	: 4096 KB
physical id	: 0
siblings	: 4
core id		: 0
cpu cores	: 2
apicid		: 0
initial apicid	: 0
fpu		: yes
fpu_exception	: yes
cpuid level	: 13
wp		: yes
flags		: fpu vme de pse tsc msr pae mce cx8 apic sep mtrr pge mca cmov pat pse36 clflush dts acpi mmx fxsr sse sse2 ss ht tm pbe syscall nx pdpe1gb rdtscp lm constant_tsc arch_perfmon pebs bts rep_good nopl xtopology nonstop_tsc aperfmperf eagerfpu pni pclmulqdq dtes64 monitor ds_cpl vmx est tm2 ssse3 fma cx16 xtpr pdcm pcid sse4_1 sse4_2 movbe popcnt tsc_deadline_timer aes xsave avx f16c rdrand lahf_lm abm ida arat epb xsaveopt pln pts dtherm tpr_shadow vnmi flexpriority ept vpid fsgsbase tsc_adjust bmi1 avx2 smep bmi2 erms invpcid
bogomips	: 5187.88
clflush size	: 64
cache_alignment	: 64
address sizes	: 39 bits physical, 48 bits virtual
power management:

processor	: 1
vendor_id	: GenuineIntel
cpu family	: 6
model		: 69
model name	: Intel(R) Core(TM) i7-4510U CPU @ 2.00GHz
stepping	: 1
microcode	: 0x17
cpu MHz		: 2883.664
cache size	: 4096 KB
physical id	: 0
siblings	: 4
core id		: 0
cpu cores	: 2
apicid		: 1
initial apicid	: 1
fpu		: yes
fpu_exception	: yes
cpuid level	: 13
wp		: yes
flags		: fpu vme de pse tsc msr pae mce cx8 apic sep mtrr pge mca cmov pat pse36 clflush dts acpi mmx fxsr sse sse2 ss ht tm pbe syscall nx pdpe1gb rdtscp lm constant_tsc arch_perfmon pebs bts rep_good nopl xtopology nonstop_tsc aperfmperf eagerfpu pni pclmulqdq dtes64 monitor ds_cpl vmx est tm2 ssse3 fma cx16 xtpr pdcm pcid sse4_1 sse4_2 movbe popcnt tsc_deadline_timer aes xsave avx f16c rdrand lahf_lm abm ida arat epb xsaveopt pln pts dtherm tpr_shadow vnmi flexpriority ept vpid fsgsbase tsc_adjust bmi1 avx2 smep bmi2 erms invpcid
bogomips	: 5187.88
clflush size	: 64
cache_alignment	: 64
address sizes	: 39 bits physical, 48 bits virtual
power management:

processor	: 2
vendor_id	: GenuineIntel
cpu family	: 6
model		: 69
model name	: Intel(R) Core(TM) i7-4510U CPU @ 2.00GHz
stepping	: 1
microcode	: 0x17
cpu MHz		: 2799.976
cache size	: 4096 KB
physical id	: 0
siblings	: 4
core id		: 1
cpu cores	: 2
apicid		: 2
initial apicid	: 2
fpu		: yes
fpu_exception	: yes
cpuid level	: 13
wp		: yes
flags		: fpu vme de pse tsc msr pae mce cx8 apic sep mtrr pge mca cmov pat pse36 clflush dts acpi mmx fxsr sse sse2 ss ht tm pbe syscall nx pdpe1gb rdtscp lm constant_tsc arch_perfmon pebs bts rep_good nopl xtopology nonstop_tsc aperfmperf eagerfpu pni pclmulqdq dtes64 monitor ds_cpl vmx est tm2 ssse3 fma cx16 xtpr pdcm pcid sse4_1 sse4_2 movbe popcnt tsc_deadline_timer aes xsave avx f16c rdrand lahf_lm abm ida arat epb xsaveopt pln pts dtherm tpr_shadow vnmi flexpriority ept vpid fsgsbase tsc_adjust bmi1 avx2 smep bmi2 erms invpcid
bogomips	: 5187.88
clflush size	: 64
cache_alignment	: 64
address sizes	: 39 bits physical, 48 bits virtual
power management:

processor	: 3
vendor_id	: GenuineIntel
cpu family	: 6
model		: 69
model name	: Intel(R) Core(TM) i7-4510U CPU @ 2.00GHz
stepping	: 1
microcode	: 0x17
cpu MHz		: 2799.976
cache size	: 4096 KB
physical id	: 0
siblings	: 4
core id		: 1
cpu cores	: 2
apicid		: 3
initial apicid	: 3
fpu		: yes
fpu_exception	: yes
cpuid level	: 13
wp		: yes
flags		: fpu vme de pse tsc msr pae mce cx8 apic sep mtrr pge mca cmov pat pse36 clflush dts acpi mmx fxsr sse sse2 ss ht tm pbe syscall nx pdpe1gb rdtscp lm constant_tsc arch_perfmon pebs bts rep_good nopl xtopology nonstop_tsc aperfmperf eagerfpu pni pclmulqdq dtes64 monitor ds_cpl vmx est tm2 ssse3 fma cx16 xtpr pdcm pcid sse4_1 sse4_2 movbe popcnt tsc_deadline_timer aes xsave avx f16c rdrand lahf_lm abm ida arat epb xsaveopt pln pts dtherm tpr_shadow vnmi flexpriority ept vpid fsgsbase tsc_adjust bmi1 avx2 smep bmi2 erms invpcid
bogomips	: 5187.88
clflush size	: 64
cache_alignment	: 64
address sizes	: 39 bits physical, 48 bits virtual
power management:



Memory: 4k page, physical 8079312k(4258212k free), swap 8289276k(8289276k free)

vm_info: Java HotSpot(TM) 64-Bit Server VM (25.60-b23) for linux-amd64 JRE (1.8.0_60-b27), built on Aug  4 2015 12:19:40 by "java_re" with gcc 4.3.0 20080428 (Red Hat 4.3.0-8)

time: Tue Mar 15 20:17:07 2016
elapsed time: 0 seconds (0d 0h 0m 0s)

