#
# A fatal error has been detected by the Java Runtime Environment:
#
#  SIGSEGV (0xb) at pc=0x00007fa57c913462, pid=6841, tid=140348736194304
#
# JRE version: Java(TM) SE Runtime Environment (8.0_60-b27) (build 1.8.0_60-b27)
# Java VM: Java HotSpot(TM) 64-Bit Server VM (25.60-b23 mixed mode linux-amd64 compressed oops)
# Problematic frame:
# C  [librxtxSerial.so+0x6462]  read_byte_array+0x52
#
# Failed to write core dump. Core dumps have been disabled. To enable core dumping, try "ulimit -c unlimited" before starting Java again
#
# If you would like to submit a bug report, please visit:
#   http://bugreport.java.com/bugreport/crash.jsp
# The crash happened outside the Java Virtual Machine in native code.
# See problematic frame for where to report the bug.
#

---------------  T H R E A D  ---------------

Current thread (0x00007fa5940f9000):  JavaThread "Thread-0" daemon [_thread_in_native, id=6860, stack(0x00007fa57c80c000,0x00007fa57c90d000)]

siginfo: si_signo: 11 (SIGSEGV), si_code: 1 (SEGV_MAPERR), si_addr: 0x000000007c90b598

Registers:
RAX=0x000000007c90b590, RBX=0xffffffffffffffff, RCX=0x0000000000000001, RDX=0x00007fa59973fdb0
RSP=0x00007fa57c90a870, RBP=0x00007fa5940f91f8, RSI=0x00007fa57c916e30, RDI=0x00007fa57c916d3e
R8 =0x0000000000000009, R9 =0x00000000d70ec7e8, R10=0x0000000000000002, R11=0x00007fa599744328
R12=0x00000000ffffffff, R13=0x0000000000000000, R14=0x0000000000000005, R15=0x0000000000000000
RIP=0x00007fa57c913462, EFLAGS=0x0000000000010202, CSGSFS=0x0000000000000033, ERR=0x0000000000000004
  TRAPNO=0x000000000000000e

Top of Stack: (sp=0x00007fa57c90a870)
0x00007fa57c90a870:   00007fa57c90ded0 00007fa594113cd0
0x00007fa57c90a880:   00007fa57c916ce8 0000000100062920
0x00007fa57c90a890:   00007fa5940f9000 000000007c90b590
0x00007fa57c90a8a0:   0000000000002000 0000000000000000
0x00007fa57c90a8b0:   0000000000000000 0000000100000000
0x00007fa57c90a8c0:   00007fa544002d70 00000005997f17b0
0x00007fa57c90a8d0:   00007fa57c916e6b 00007fa57ca19830
0x00007fa57c90a8e0:   0000000000000000 0000000000000001
0x00007fa57c90a8f0:   0000000000000005 0000000000000000
0x00007fa57c90a900:   00007fa5940f91f8 00007fa59a17b557
0x00007fa57c90a910:   00007fa500000005 0000000000000000
0x00007fa57c90a920:   00007fa57c90a990 00007fa57c90ded0
0x00007fa57c90a930:   ffffffffffffffff 00007fa5940f91f8
0x00007fa57c90a940:   00007fa544002d70 00007fa59a182515
0x00007fa57c90a950:   00007fa544002d70 00007fa544002d70
0x00007fa57c90a960:   0000000000000005 ffffffffffffffff
0x00007fa57c90a970:   00007fa5940f91f8 00007fa544002d70
0x00007fa57c90a980:   0000000000000001 0000000000000005
0x00007fa57c90a990:   0000000000000000 00007fa57c9138a1
0x00007fa57c90a9a0:   00007fa5940f9000 00007fa57c90aa80
0x00007fa57c90a9b0:   00007fa57c90aa88 00007fa57efd1d58
0x00007fa57c90a9c0:   00007fa57c90aa50 0000000000000000
0x00007fa57c90a9d0:   00007fa57efd1d50 00007fa57c90aa88
0x00007fa57c90a9e0:   00007fa5940f9000 00007fa584392994
0x00007fa57c90a9f0:   00007fa57c90aa50 00007fa584392719
0x00007fa57c90aa00:   00007fa5940f9000 00007fa5843926e2
0x00007fa57c90aa10:   00007fa57c90aa10 00007fa57efd1d50
0x00007fa57c90aa20:   00007fa57c90aa88 00007fa57efdd988
0x00007fa57c90aa30:   0000000000000000 00007fa57efd1d58
0x00007fa57c90aa40:   0000000000000000 00007fa57c90aa70
0x00007fa57c90aa50:   00007fa57c90aaf0 00007fa584384690
0x00007fa57c90aa60:   0000000000000000 00007fa58438c576 

Instructions: (pc=0x00007fa57c913462)
0x00007fa57c913442:   89 44 24 4c 48 c7 44 24 40 00 00 00 00 48 c7 44
0x00007fa57c913452:   24 38 00 00 00 00 e8 53 d7 ff ff 48 89 44 24 28
0x00007fa57c913462:   8b 40 08 45 85 e4 48 8b 54 24 28 44 8b 7c 24 4c
0x00007fa57c913472:   89 44 24 34 c7 42 08 00 00 00 00 78 0c 31 c0 e8 

Register to memory mapping:

RAX=0x000000007c90b590 is an unknown value
RBX=0xffffffffffffffff is an unknown value
RCX=0x0000000000000001 is an unknown value
RDX=0x00007fa59973fdb0: <offset 0xfaadb0> in /usr/local/java/jdk1.8.0_60/jre/lib/amd64/server/libjvm.so at 0x00007fa598795000
RSP=0x00007fa57c90a870 is pointing into the stack for thread: 0x00007fa5940f9000
RBP=0x00007fa5940f91f8 is an unknown value
RSI=0x00007fa57c916e30: <offset 0x9e30> in /home/philipe/jdk1.8.0_51/jre/lib/amd64/librxtxSerial.so at 0x00007fa57c90d000
RDI=0x00007fa57c916d3e: <offset 0x9d3e> in /home/philipe/jdk1.8.0_51/jre/lib/amd64/librxtxSerial.so at 0x00007fa57c90d000
R8 =0x0000000000000009 is an unknown value
R9 =0x00000000d70ec7e8 is an oop
gnu.io.RXTXPort 
 - klass: 'gnu/io/RXTXPort'
R10=0x0000000000000002 is an unknown value
R11=0x00007fa599744328: <offset 0xfaf328> in /usr/local/java/jdk1.8.0_60/jre/lib/amd64/server/libjvm.so at 0x00007fa598795000
R12=0x00000000ffffffff is an unallocated location in the heap
R13=0x0000000000000000 is an unknown value
R14=0x0000000000000005 is an unknown value
R15=0x0000000000000000 is an unknown value


Stack: [0x00007fa57c80c000,0x00007fa57c90d000],  sp=0x00007fa57c90a870,  free space=1018k
Native frames: (J=compiled Java code, j=interpreted, Vv=VM code, C=native code)
C  [librxtxSerial.so+0x6462]  read_byte_array+0x52

Java frames: (J=compiled Java code, j=interpreted, Vv=VM code)
j  gnu.io.RXTXPort.readArray([BII)I+0
j  gnu.io.RXTXPort$SerialInputStream.read([BII)I+212
j  sun.nio.cs.StreamDecoder.readBytes()I+135
j  sun.nio.cs.StreamDecoder.implRead([CII)I+112
j  sun.nio.cs.StreamDecoder.read([CII)I+180
j  java.io.InputStreamReader.read([CII)I+7
j  java.io.BufferedReader.fill()V+145
j  java.io.BufferedReader.readLine(Z)Ljava/lang/String;+44
j  java.io.BufferedReader.readLine()Ljava/lang/String;+2
j  util.Comunicacao.serialEvent(Lgnu/io/SerialPortEvent;)V+12
j  gnu.io.RXTXPort.sendEvent(IZ)Z+382
v  ~StubRoutines::call_stub
j  gnu.io.RXTXPort.eventLoop()V+0
j  gnu.io.RXTXPort$MonitorThread.run()V+12
v  ~StubRoutines::call_stub

---------------  P R O C E S S  ---------------

Java Threads: ( => current thread )
  0x00007fa594009800 JavaThread "DestroyJavaVM" [_thread_blocked, id=6843, stack(0x00007fa59a267000,0x00007fa59a368000)]
  0x00007fa5940f0800 JavaThread "Thread-1" [_thread_blocked, id=6861, stack(0x00007fa57c70b000,0x00007fa57c80c000)]
=>0x00007fa5940f9000 JavaThread "Thread-0" daemon [_thread_in_native, id=6860, stack(0x00007fa57c80c000,0x00007fa57c90d000)]
  0x00007fa5940c3000 JavaThread "Service Thread" daemon [_thread_blocked, id=6858, stack(0x00007fa57cb1b000,0x00007fa57cc1c000)]
  0x00007fa5940be000 JavaThread "C1 CompilerThread2" daemon [_thread_blocked, id=6857, stack(0x00007fa57cc1c000,0x00007fa57cd1d000)]
  0x00007fa5940bc000 JavaThread "C2 CompilerThread1" daemon [_thread_blocked, id=6856, stack(0x00007fa57cd1d000,0x00007fa57ce1e000)]
  0x00007fa5940b9000 JavaThread "C2 CompilerThread0" daemon [_thread_blocked, id=6855, stack(0x00007fa57ce1e000,0x00007fa57cf1f000)]
  0x00007fa5940b7800 JavaThread "Signal Dispatcher" daemon [_thread_blocked, id=6854, stack(0x00007fa57cf1f000,0x00007fa57d020000)]
  0x00007fa59407e800 JavaThread "Finalizer" daemon [_thread_blocked, id=6853, stack(0x00007fa57d703000,0x00007fa57d804000)]
  0x00007fa59407c800 JavaThread "Reference Handler" daemon [_thread_blocked, id=6852, stack(0x00007fa57d804000,0x00007fa57d905000)]

Other Threads:
  0x00007fa594077800 VMThread [stack: 0x00007fa57d905000,0x00007fa57da06000] [id=6851]
  0x00007fa5940c5800 WatcherThread [stack: 0x00007fa57ca1a000,0x00007fa57cb1b000] [id=6859]

VM state:not at safepoint (normal execution)

VM Mutex/Monitor currently owned by a thread: None

Heap:
 PSYoungGen      total 36864K, used 5716K [0x00000000d6e00000, 0x00000000d9700000, 0x0000000100000000)
  eden space 31744K, 18% used [0x00000000d6e00000,0x00000000d73952f0,0x00000000d8d00000)
  from space 5120K, 0% used [0x00000000d9200000,0x00000000d9200000,0x00000000d9700000)
  to   space 5120K, 0% used [0x00000000d8d00000,0x00000000d8d00000,0x00000000d9200000)
 ParOldGen       total 84992K, used 0K [0x0000000084a00000, 0x0000000089d00000, 0x00000000d6e00000)
  object space 84992K, 0% used [0x0000000084a00000,0x0000000084a00000,0x0000000089d00000)
 Metaspace       used 3061K, capacity 4664K, committed 4864K, reserved 1056768K
  class space    used 321K, capacity 424K, committed 512K, reserved 1048576K

Card table byte_map: [0x00007fa583be1000,0x00007fa583fbd000] byte_map_base: 0x00007fa5837bc000

Marking Bits: (ParMarkBitMap*) 0x00007fa599743de0
 Begin Bits: [0x00007fa57f79b000, 0x00007fa581673000)
 End Bits:   [0x00007fa581673000, 0x00007fa58354b000)

Polling page: 0x00007fa59a38b000

CodeCache: size=245760Kb used=1491Kb max_used=1496Kb free=244268Kb
 bounds [0x00007fa58437d000, 0x00007fa5845ed000, 0x00007fa59337d000]
 total_blobs=429 nmethods=187 adapters=157
 compilation: enabled

Compilation events (10 events):
Event: 0,219 Thread 0x00007fa5940bc000 nmethod 183 0x00007fa5844ef410 code [0x00007fa5844ef560, 0x00007fa5844ef6d8]
Event: 0,229 Thread 0x00007fa5940bc000  184       4       java.lang.AbstractStringBuilder::append (50 bytes)
Event: 0,230 Thread 0x00007fa5940be000  186       1       services.RocketService::getX_k_metros (4 bytes)
Event: 0,231 Thread 0x00007fa5940be000 nmethod 186 0x00007fa5844ef150 code [0x00007fa5844ef2a0, 0x00007fa5844ef390]
Event: 0,233 Thread 0x00007fa5940bc000 nmethod 184 0x00007fa5844ee8d0 code [0x00007fa5844eea40, 0x00007fa5844eee18]
Event: 0,233 Thread 0x00007fa5940bc000  185       4       java.lang.ThreadLocal::get (38 bytes)
Event: 0,235 Thread 0x00007fa5940bc000 nmethod 185 0x00007fa5844ee3d0 code [0x00007fa5844ee540, 0x00007fa5844ee6b8]
Event: 0,243 Thread 0x00007fa5940b9000 nmethod 156 0x00007fa5844f3ed0 code [0x00007fa5844f4100, 0x00007fa5844f5518]
Event: 0,358 Thread 0x00007fa5940be000  187       3       sun.misc.MetaIndex::mayContain (51 bytes)
Event: 0,358 Thread 0x00007fa5940be000 nmethod 187 0x00007fa5844ecb90 code [0x00007fa5844ecd40, 0x00007fa5844ed398]

GC Heap History (0 events):
No events

Deoptimization events (1 events):
Event: 0,358 Thread 0x00007fa5940f9000 Uncommon trap: reason=unstable_if action=reinterpret pc=0x00007fa5844ee658 method=java.lang.ThreadLocal.get()Ljava/lang/Object; @ 11

Internal exceptions (10 events):
Event: 0,035 Thread 0x00007fa594009800 Exception <a 'java/lang/NoSuchMethodError': Method sun.misc.Unsafe.prefetchRead(Ljava/lang/Object;J)V name or signature does not match> (0x00000000d6e12e80) thrown at [/HUDSON/workspace/8-2-build-linux-amd64/jdk8u60/4407/hotspot/src/share/vm/prims/jni.cpp
Event: 0,099 Thread 0x00007fa594009800 Exception <a 'java/io/FileNotFoundException'> (0x00000000d6fea9e0) thrown at [/HUDSON/workspace/8-2-build-linux-amd64/jdk8u60/4407/hotspot/src/share/vm/prims/jni.cpp, line 709]
Event: 0,099 Thread 0x00007fa594009800 Exception <a 'java/io/FileNotFoundException'> (0x00000000d6feb3f8) thrown at [/HUDSON/workspace/8-2-build-linux-amd64/jdk8u60/4407/hotspot/src/share/vm/prims/jni.cpp, line 709]
Event: 0,113 Thread 0x00007fa594009800 Exception <a 'java/io/FileNotFoundException'> (0x00000000d7052df8) thrown at [/HUDSON/workspace/8-2-build-linux-amd64/jdk8u60/4407/hotspot/src/share/vm/prims/jni.cpp, line 709]
Event: 0,113 Thread 0x00007fa594009800 Exception <a 'java/io/FileNotFoundException'> (0x00000000d70537b0) thrown at [/HUDSON/workspace/8-2-build-linux-amd64/jdk8u60/4407/hotspot/src/share/vm/prims/jni.cpp, line 709]
Event: 0,116 Thread 0x00007fa594009800 Exception <a 'java/io/FileNotFoundException'> (0x00000000d7063470) thrown at [/HUDSON/workspace/8-2-build-linux-amd64/jdk8u60/4407/hotspot/src/share/vm/prims/jni.cpp, line 709]
Event: 0,116 Thread 0x00007fa594009800 Exception <a 'java/io/FileNotFoundException'> (0x00000000d7063e28) thrown at [/HUDSON/workspace/8-2-build-linux-amd64/jdk8u60/4407/hotspot/src/share/vm/prims/jni.cpp, line 709]
Event: 0,145 Thread 0x00007fa594009800 Exception <a 'java/io/FileNotFoundException'> (0x00000000d70cac68) thrown at [/HUDSON/workspace/8-2-build-linux-amd64/jdk8u60/4407/hotspot/src/share/vm/prims/jni.cpp, line 709]
Event: 0,145 Thread 0x00007fa594009800 Exception <a 'java/io/FileNotFoundException'> (0x00000000d70cb620) thrown at [/HUDSON/workspace/8-2-build-linux-amd64/jdk8u60/4407/hotspot/src/share/vm/prims/jni.cpp, line 709]
Event: 0,358 Thread 0x00007fa5940f9000 Implicit null exception at 0x00007fa5844ee57c to 0x00007fa5844ee641

Events (10 events):
Event: 0,163 loading class sun/misc/FDBigInteger done
Event: 0,235 Thread 0x00007fa594009800 Thread exited: 0x00007fa594009800
Event: 0,235 Thread 0x00007fa594009800 Thread added: 0x00007fa594009800
Event: 0,358 loading class gnu/io/SerialPortEvent
Event: 0,358 loading class gnu/io/SerialPortEvent done
Event: 0,358 Thread 0x00007fa5940f9000 Uncommon trap: trap_request=0xffffff65 fr.pc=0x00007fa5844ee658
Event: 0,358 Thread 0x00007fa5940f9000 DEOPT PACKING pc=0x00007fa5844ee658 sp=0x00007fa57c908990
Event: 0,358 Thread 0x00007fa5940f9000 DEOPT UNPACKING pc=0x00007fa584382229 sp=0x00007fa57c908958 mode 2
Event: 0,358 loading class java/util/EventObject
Event: 0,359 loading class java/util/EventObject done


Dynamic libraries:
00400000-00401000 r-xp 00000000 08:01 16254765                           /usr/local/java/jdk1.8.0_60/bin/java
00600000-00601000 rw-p 00000000 08:01 16254765                           /usr/local/java/jdk1.8.0_60/bin/java
01125000-01146000 rw-p 00000000 00:00 0                                  [heap]
84a00000-89d00000 rw-p 00000000 00:00 0 
89d00000-d6e00000 ---p 00000000 00:00 0 
d6e00000-d9700000 rw-p 00000000 00:00 0 
d9700000-100000000 ---p 00000000 00:00 0 
100000000-100080000 rw-p 00000000 00:00 0 
100080000-140000000 ---p 00000000 00:00 0 
7fa538000000-7fa538021000 rw-p 00000000 00:00 0 
7fa538021000-7fa53c000000 ---p 00000000 00:00 0 
7fa540000000-7fa540021000 rw-p 00000000 00:00 0 
7fa540021000-7fa544000000 ---p 00000000 00:00 0 
7fa544000000-7fa544021000 rw-p 00000000 00:00 0 
7fa544021000-7fa548000000 ---p 00000000 00:00 0 
7fa548000000-7fa54816f000 rw-p 00000000 00:00 0 
7fa54816f000-7fa54c000000 ---p 00000000 00:00 0 
7fa54c000000-7fa54c021000 rw-p 00000000 00:00 0 
7fa54c021000-7fa550000000 ---p 00000000 00:00 0 
7fa550000000-7fa5501ff000 rw-p 00000000 00:00 0 
7fa5501ff000-7fa554000000 ---p 00000000 00:00 0 
7fa554000000-7fa554070000 rw-p 00000000 00:00 0 
7fa554070000-7fa558000000 ---p 00000000 00:00 0 
7fa558000000-7fa558021000 rw-p 00000000 00:00 0 
7fa558021000-7fa55c000000 ---p 00000000 00:00 0 
7fa55c000000-7fa55c021000 rw-p 00000000 00:00 0 
7fa55c021000-7fa560000000 ---p 00000000 00:00 0 
7fa560000000-7fa560021000 rw-p 00000000 00:00 0 
7fa560021000-7fa564000000 ---p 00000000 00:00 0 
7fa564000000-7fa564021000 rw-p 00000000 00:00 0 
7fa564021000-7fa568000000 ---p 00000000 00:00 0 
7fa568000000-7fa568021000 rw-p 00000000 00:00 0 
7fa568021000-7fa56c000000 ---p 00000000 00:00 0 
7fa56c000000-7fa56c021000 rw-p 00000000 00:00 0 
7fa56c021000-7fa570000000 ---p 00000000 00:00 0 
7fa570000000-7fa570021000 rw-p 00000000 00:00 0 
7fa570021000-7fa574000000 ---p 00000000 00:00 0 
7fa578000000-7fa578021000 rw-p 00000000 00:00 0 
7fa578021000-7fa57c000000 ---p 00000000 00:00 0 
7fa57c70b000-7fa57c70e000 ---p 00000000 00:00 0 
7fa57c70e000-7fa57c80c000 rw-p 00000000 00:00 0                          [stack:6861]
7fa57c80c000-7fa57c80f000 ---p 00000000 00:00 0 
7fa57c80f000-7fa57c90d000 rw-p 00000000 00:00 0                          [stack:6860]
7fa57c90d000-7fa57c919000 r-xp 00000000 08:01 15605253                   /home/philipe/jdk1.8.0_51/jre/lib/amd64/librxtxSerial.so
7fa57c919000-7fa57ca18000 ---p 0000c000 08:01 15605253                   /home/philipe/jdk1.8.0_51/jre/lib/amd64/librxtxSerial.so
7fa57ca18000-7fa57ca1a000 rw-p 0000b000 08:01 15605253                   /home/philipe/jdk1.8.0_51/jre/lib/amd64/librxtxSerial.so
7fa57ca1a000-7fa57ca1b000 ---p 00000000 00:00 0 
7fa57ca1b000-7fa57cb1b000 rw-p 00000000 00:00 0                          [stack:6859]
7fa57cb1b000-7fa57cb1e000 ---p 00000000 00:00 0 
7fa57cb1e000-7fa57cc1c000 rw-p 00000000 00:00 0                          [stack:6858]
7fa57cc1c000-7fa57cc1f000 ---p 00000000 00:00 0 
7fa57cc1f000-7fa57cd1d000 rw-p 00000000 00:00 0                          [stack:6857]
7fa57cd1d000-7fa57cd20000 ---p 00000000 00:00 0 
7fa57cd20000-7fa57ce1e000 rw-p 00000000 00:00 0                          [stack:6856]
7fa57ce1e000-7fa57ce21000 ---p 00000000 00:00 0 
7fa57ce21000-7fa57cf1f000 rw-p 00000000 00:00 0                          [stack:6855]
7fa57cf1f000-7fa57cf22000 ---p 00000000 00:00 0 
7fa57cf22000-7fa57d020000 rw-p 00000000 00:00 0                          [stack:6854]
7fa57d020000-7fa57d703000 r--p 00000000 08:01 1186356                    /usr/lib/locale/locale-archive
7fa57d703000-7fa57d706000 ---p 00000000 00:00 0 
7fa57d706000-7fa57d804000 rw-p 00000000 00:00 0                          [stack:6853]
7fa57d804000-7fa57d807000 ---p 00000000 00:00 0 
7fa57d807000-7fa57d905000 rw-p 00000000 00:00 0                          [stack:6852]
7fa57d905000-7fa57d906000 ---p 00000000 00:00 0 
7fa57d906000-7fa57e9e8000 rw-p 00000000 00:00 0                          [stack:6851]
7fa57e9e8000-7fa57ebc0000 r--s 03d17000 08:01 16254672                   /usr/local/java/jdk1.8.0_60/jre/lib/rt.jar
7fa57ebc0000-7fa57f000000 rw-p 00000000 00:00 0 
7fa57f000000-7fa57f3c0000 ---p 00000000 00:00 0 
7fa57f3c0000-7fa58354b000 rw-p 00000000 00:00 0 
7fa58354b000-7fa58354c000 ---p 00000000 00:00 0 
7fa58354c000-7fa58364c000 rw-p 00000000 00:00 0                          [stack:6850]
7fa58364c000-7fa58364d000 ---p 00000000 00:00 0 
7fa58364d000-7fa58374d000 rw-p 00000000 00:00 0                          [stack:6849]
7fa58374d000-7fa58374e000 ---p 00000000 00:00 0 
7fa58374e000-7fa58384e000 rw-p 00000000 00:00 0                          [stack:6848]
7fa58384e000-7fa58384f000 ---p 00000000 00:00 0 
7fa58384f000-7fa583979000 rw-p 00000000 00:00 0                          [stack:6847]
7fa583979000-7fa583be1000 ---p 00000000 00:00 0 
7fa583be1000-7fa583c0b000 rw-p 00000000 00:00 0 
7fa583c0b000-7fa583e73000 ---p 00000000 00:00 0 
7fa583e73000-7fa583e88000 rw-p 00000000 00:00 0 
7fa583e88000-7fa583fbc000 ---p 00000000 00:00 0 
7fa583fbc000-7fa583fc7000 rw-p 00000000 00:00 0 
7fa583fc7000-7fa58437d000 ---p 00000000 00:00 0 
7fa58437d000-7fa5845ed000 rwxp 00000000 00:00 0 
7fa5845ed000-7fa59337d000 ---p 00000000 00:00 0 
7fa59337d000-7fa593397000 r-xp 00000000 08:01 16254622                   /usr/local/java/jdk1.8.0_60/jre/lib/amd64/libzip.so
7fa593397000-7fa593597000 ---p 0001a000 08:01 16254622                   /usr/local/java/jdk1.8.0_60/jre/lib/amd64/libzip.so
7fa593597000-7fa593598000 rw-p 0001a000 08:01 16254622                   /usr/local/java/jdk1.8.0_60/jre/lib/amd64/libzip.so
7fa593598000-7fa5935a3000 r-xp 00000000 08:01 3014759                    /lib/x86_64-linux-gnu/libnss_files-2.19.so
7fa5935a3000-7fa5937a2000 ---p 0000b000 08:01 3014759                    /lib/x86_64-linux-gnu/libnss_files-2.19.so
7fa5937a2000-7fa5937a3000 r--p 0000a000 08:01 3014759                    /lib/x86_64-linux-gnu/libnss_files-2.19.so
7fa5937a3000-7fa5937a4000 rw-p 0000b000 08:01 3014759                    /lib/x86_64-linux-gnu/libnss_files-2.19.so
7fa5937a4000-7fa5937af000 r-xp 00000000 08:01 3019162                    /lib/x86_64-linux-gnu/libnss_nis-2.19.so
7fa5937af000-7fa5939ae000 ---p 0000b000 08:01 3019162                    /lib/x86_64-linux-gnu/libnss_nis-2.19.so
7fa5939ae000-7fa5939af000 r--p 0000a000 08:01 3019162                    /lib/x86_64-linux-gnu/libnss_nis-2.19.so
7fa5939af000-7fa5939b0000 rw-p 0000b000 08:01 3019162                    /lib/x86_64-linux-gnu/libnss_nis-2.19.so
7fa5939b0000-7fa5939c7000 r-xp 00000000 08:01 3018959                    /lib/x86_64-linux-gnu/libnsl-2.19.so
7fa5939c7000-7fa593bc6000 ---p 00017000 08:01 3018959                    /lib/x86_64-linux-gnu/libnsl-2.19.so
7fa593bc6000-7fa593bc7000 r--p 00016000 08:01 3018959                    /lib/x86_64-linux-gnu/libnsl-2.19.so
7fa593bc7000-7fa593bc8000 rw-p 00017000 08:01 3018959                    /lib/x86_64-linux-gnu/libnsl-2.19.so
7fa593bc8000-7fa593bca000 rw-p 00000000 00:00 0 
7fa593bca000-7fa593bd3000 r-xp 00000000 08:01 3018958                    /lib/x86_64-linux-gnu/libnss_compat-2.19.so
7fa593bd3000-7fa593dd2000 ---p 00009000 08:01 3018958                    /lib/x86_64-linux-gnu/libnss_compat-2.19.so
7fa593dd2000-7fa593dd3000 r--p 00008000 08:01 3018958                    /lib/x86_64-linux-gnu/libnss_compat-2.19.so
7fa593dd3000-7fa593dd4000 rw-p 00009000 08:01 3018958                    /lib/x86_64-linux-gnu/libnss_compat-2.19.so
7fa593dd4000-7fa593dfe000 r-xp 00000000 08:01 16254600                   /usr/local/java/jdk1.8.0_60/jre/lib/amd64/libjava.so
7fa593dfe000-7fa593ffe000 ---p 0002a000 08:01 16254600                   /usr/local/java/jdk1.8.0_60/jre/lib/amd64/libjava.so
7fa593ffe000-7fa594000000 rw-p 0002a000 08:01 16254600                   /usr/local/java/jdk1.8.0_60/jre/lib/amd64/libjava.so
7fa594000000-7fa594129000 rw-p 00000000 00:00 0 
7fa594129000-7fa598000000 ---p 00000000 00:00 0 
7fa598002000-7fa598078000 rw-p 00000000 00:00 0 
7fa598078000-7fa598085000 r-xp 00000000 08:01 16254616                   /usr/local/java/jdk1.8.0_60/jre/lib/amd64/libverify.so
7fa598085000-7fa598285000 ---p 0000d000 08:01 16254616                   /usr/local/java/jdk1.8.0_60/jre/lib/amd64/libverify.so
7fa598285000-7fa598287000 rw-p 0000d000 08:01 16254616                   /usr/local/java/jdk1.8.0_60/jre/lib/amd64/libverify.so
7fa598287000-7fa59828e000 r-xp 00000000 08:01 3019117                    /lib/x86_64-linux-gnu/librt-2.19.so
7fa59828e000-7fa59848d000 ---p 00007000 08:01 3019117                    /lib/x86_64-linux-gnu/librt-2.19.so
7fa59848d000-7fa59848e000 r--p 00006000 08:01 3019117                    /lib/x86_64-linux-gnu/librt-2.19.so
7fa59848e000-7fa59848f000 rw-p 00007000 08:01 3019117                    /lib/x86_64-linux-gnu/librt-2.19.so
7fa59848f000-7fa598594000 r-xp 00000000 08:01 3014758                    /lib/x86_64-linux-gnu/libm-2.19.so
7fa598594000-7fa598793000 ---p 00105000 08:01 3014758                    /lib/x86_64-linux-gnu/libm-2.19.so
7fa598793000-7fa598794000 r--p 00104000 08:01 3014758                    /lib/x86_64-linux-gnu/libm-2.19.so
7fa598794000-7fa598795000 rw-p 00105000 08:01 3014758                    /lib/x86_64-linux-gnu/libm-2.19.so
7fa598795000-7fa599453000 r-xp 00000000 08:01 16254638                   /usr/local/java/jdk1.8.0_60/jre/lib/amd64/server/libjvm.so
7fa599453000-7fa599652000 ---p 00cbe000 08:01 16254638                   /usr/local/java/jdk1.8.0_60/jre/lib/amd64/server/libjvm.so
7fa599652000-7fa59972a000 rw-p 00cbd000 08:01 16254638                   /usr/local/java/jdk1.8.0_60/jre/lib/amd64/server/libjvm.so
7fa59972a000-7fa59976f000 rw-p 00000000 00:00 0 
7fa59976f000-7fa59992a000 r-xp 00000000 08:01 3019114                    /lib/x86_64-linux-gnu/libc-2.19.so
7fa59992a000-7fa599b29000 ---p 001bb000 08:01 3019114                    /lib/x86_64-linux-gnu/libc-2.19.so
7fa599b29000-7fa599b2d000 r--p 001ba000 08:01 3019114                    /lib/x86_64-linux-gnu/libc-2.19.so
7fa599b2d000-7fa599b2f000 rw-p 001be000 08:01 3019114                    /lib/x86_64-linux-gnu/libc-2.19.so
7fa599b2f000-7fa599b34000 rw-p 00000000 00:00 0 
7fa599b34000-7fa599b37000 r-xp 00000000 08:01 3018640                    /lib/x86_64-linux-gnu/libdl-2.19.so
7fa599b37000-7fa599d36000 ---p 00003000 08:01 3018640                    /lib/x86_64-linux-gnu/libdl-2.19.so
7fa599d36000-7fa599d37000 r--p 00002000 08:01 3018640                    /lib/x86_64-linux-gnu/libdl-2.19.so
7fa599d37000-7fa599d38000 rw-p 00003000 08:01 3018640                    /lib/x86_64-linux-gnu/libdl-2.19.so
7fa599d38000-7fa599d4d000 r-xp 00000000 08:01 16253683                   /usr/local/java/jdk1.8.0_60/lib/amd64/jli/libjli.so
7fa599d4d000-7fa599f4d000 ---p 00015000 08:01 16253683                   /usr/local/java/jdk1.8.0_60/lib/amd64/jli/libjli.so
7fa599f4d000-7fa599f4e000 rw-p 00015000 08:01 16253683                   /usr/local/java/jdk1.8.0_60/lib/amd64/jli/libjli.so
7fa599f4e000-7fa599f67000 r-xp 00000000 08:01 3019115                    /lib/x86_64-linux-gnu/libpthread-2.19.so
7fa599f67000-7fa59a166000 ---p 00019000 08:01 3019115                    /lib/x86_64-linux-gnu/libpthread-2.19.so
7fa59a166000-7fa59a167000 r--p 00018000 08:01 3019115                    /lib/x86_64-linux-gnu/libpthread-2.19.so
7fa59a167000-7fa59a168000 rw-p 00019000 08:01 3019115                    /lib/x86_64-linux-gnu/libpthread-2.19.so
7fa59a168000-7fa59a16c000 rw-p 00000000 00:00 0 
7fa59a16c000-7fa59a18f000 r-xp 00000000 08:01 3019012                    /lib/x86_64-linux-gnu/ld-2.19.so
7fa59a19c000-7fa59a267000 rw-p 00000000 00:00 0 
7fa59a267000-7fa59a26a000 ---p 00000000 00:00 0 
7fa59a26a000-7fa59a36c000 rw-p 00000000 00:00 0                          [stack:6843]
7fa59a37f000-7fa59a380000 rw-p 00000000 00:00 0 
7fa59a380000-7fa59a382000 r--s 0000d000 08:01 1574352                    /usr/share/java/RXTXcomm-2.2pre2.jar
7fa59a382000-7fa59a38a000 rw-s 00000000 08:01 28442874                   /tmp/hsperfdata_philipe/6841
7fa59a38a000-7fa59a38b000 rw-p 00000000 00:00 0 
7fa59a38b000-7fa59a38c000 r--p 00000000 00:00 0 
7fa59a38c000-7fa59a38e000 rw-p 00000000 00:00 0 
7fa59a38e000-7fa59a38f000 r--p 00022000 08:01 3019012                    /lib/x86_64-linux-gnu/ld-2.19.so
7fa59a38f000-7fa59a390000 rw-p 00023000 08:01 3019012                    /lib/x86_64-linux-gnu/ld-2.19.so
7fa59a390000-7fa59a391000 rw-p 00000000 00:00 0 
7ffd2d93e000-7ffd2d95f000 rw-p 00000000 00:00 0                          [stack]
7ffd2d9b5000-7ffd2d9b7000 r-xp 00000000 00:00 0                          [vdso]
7ffd2d9b7000-7ffd2d9b9000 r--p 00000000 00:00 0                          [vvar]
ffffffffff600000-ffffffffff601000 r-xp 00000000 00:00 0                  [vsyscall]

VM Arguments:
jvm_args: -Djava.library.path=/home/philipe/jdk1.8.0_51/jre/lib/amd64 -Dfile.encoding=UTF-8 
java_command: controllers.Aplication
java_class_path (initial): /home/philipe/workspace/Simulador/bin:/usr/share/java/RXTXcomm.jar
Launcher Type: SUN_STANDARD

Environment Variables:
JAVA_HOME=/usr/local/java/jdk1.8.0_60
PATH=/usr/local/sbin:/usr/local/bin:/usr/sbin:/usr/bin:/sbin:/bin:/usr/games:/usr/local/games:/home/philipe/bin:/usr/local/java/jdk1.8.0_60/bin
SHELL=/bin/bash
DISPLAY=:0.0

Signal Handlers:
SIGSEGV: [libjvm.so+0xaba070], sa_mask[0]=11111111011111111101111111111110, sa_flags=SA_RESTART|SA_SIGINFO
SIGBUS: [libjvm.so+0xaba070], sa_mask[0]=11111111011111111101111111111110, sa_flags=SA_RESTART|SA_SIGINFO
SIGFPE: [libjvm.so+0x917630], sa_mask[0]=11111111011111111101111111111110, sa_flags=SA_RESTART|SA_SIGINFO
SIGPIPE: [libjvm.so+0x917630], sa_mask[0]=11111111011111111101111111111110, sa_flags=SA_RESTART|SA_SIGINFO
SIGXFSZ: [libjvm.so+0x917630], sa_mask[0]=11111111011111111101111111111110, sa_flags=SA_RESTART|SA_SIGINFO
SIGILL: [libjvm.so+0x917630], sa_mask[0]=11111111011111111101111111111110, sa_flags=SA_RESTART|SA_SIGINFO
SIGUSR1: SIG_DFL, sa_mask[0]=00000000000000000000000000000000, sa_flags=none
SIGUSR2: [libjvm.so+0x918c60], sa_mask[0]=00100000000000000000000000000000, sa_flags=SA_RESTART|SA_SIGINFO
SIGHUP: [libjvm.so+0x91a060], sa_mask[0]=11111111011111111101111111111110, sa_flags=SA_RESTART|SA_SIGINFO
SIGINT: [libjvm.so+0x91a060], sa_mask[0]=11111111011111111101111111111110, sa_flags=SA_RESTART|SA_SIGINFO
SIGTERM: [libjvm.so+0x91a060], sa_mask[0]=11111111011111111101111111111110, sa_flags=SA_RESTART|SA_SIGINFO
SIGQUIT: [libjvm.so+0x91a060], sa_mask[0]=11111111011111111101111111111110, sa_flags=SA_RESTART|SA_SIGINFO


---------------  S Y S T E M  ---------------

OS:DISTRIB_ID=Ubuntu
DISTRIB_RELEASE=14.04
DISTRIB_CODENAME=trusty
DISTRIB_DESCRIPTION="Ubuntu 14.04.3 LTS"

uname:Linux 3.16.0-57-generic #77~14.04.1-Ubuntu SMP Thu Dec 17 23:20:00 UTC 2015 x86_64
libc:glibc 2.19 NPTL 2.19 
rlimit: STACK 8192k, CORE 0k, NPROC 31476, NOFILE 4096, AS infinity
load average:1,19 1,18 1,03

/proc/meminfo:
MemTotal:        8079312 kB
MemFree:         4788852 kB
MemAvailable:    5745688 kB
Buffers:           91500 kB
Cached:          1043296 kB
SwapCached:            0 kB
Active:          2305280 kB
Inactive:         722628 kB
Active(anon):    1894580 kB
Inactive(anon):    33212 kB
Active(file):     410700 kB
Inactive(file):   689416 kB
Unevictable:          48 kB
Mlocked:              48 kB
SwapTotal:       8289276 kB
SwapFree:        8289276 kB
Dirty:               132 kB
Writeback:             0 kB
AnonPages:       1893188 kB
Mapped:           366556 kB
Shmem:             34684 kB
Slab:              84504 kB
SReclaimable:      51324 kB
SUnreclaim:        33180 kB
KernelStack:        8960 kB
PageTables:        32996 kB
NFS_Unstable:          0 kB
Bounce:                0 kB
WritebackTmp:          0 kB
CommitLimit:    12328932 kB
Committed_AS:    5672496 kB
VmallocTotal:   34359738367 kB
VmallocUsed:      393896 kB
VmallocChunk:   34359291660 kB
HardwareCorrupted:     0 kB
AnonHugePages:    933888 kB
HugePages_Total:       0
HugePages_Free:        0
HugePages_Rsvd:        0
HugePages_Surp:        0
Hugepagesize:       2048 kB
DirectMap4k:      196064 kB
DirectMap2M:     4950016 kB
DirectMap1G:     3145728 kB


CPU:total 4 (2 cores per cpu, 2 threads per core) family 6 model 69 stepping 1, cmov, cx8, fxsr, mmx, sse, sse2, sse3, ssse3, sse4.1, sse4.2, popcnt, avx, avx2, aes, clmul, erms, lzcnt, ht, tsc, tscinvbit, bmi1, bmi2

/proc/cpuinfo:
processor	: 0
vendor_id	: GenuineIntel
cpu family	: 6
model		: 69
model name	: Intel(R) Core(TM) i7-4510U CPU @ 2.00GHz
stepping	: 1
microcode	: 0x17
cpu MHz		: 2863.148
cache size	: 4096 KB
physical id	: 0
siblings	: 4
core id		: 0
cpu cores	: 2
apicid		: 0
initial apicid	: 0
fpu		: yes
fpu_exception	: yes
cpuid level	: 13
wp		: yes
flags		: fpu vme de pse tsc msr pae mce cx8 apic sep mtrr pge mca cmov pat pse36 clflush dts acpi mmx fxsr sse sse2 ss ht tm pbe syscall nx pdpe1gb rdtscp lm constant_tsc arch_perfmon pebs bts rep_good nopl xtopology nonstop_tsc aperfmperf eagerfpu pni pclmulqdq dtes64 monitor ds_cpl vmx est tm2 ssse3 fma cx16 xtpr pdcm pcid sse4_1 sse4_2 movbe popcnt tsc_deadline_timer aes xsave avx f16c rdrand lahf_lm abm ida arat epb xsaveopt pln pts dtherm tpr_shadow vnmi flexpriority ept vpid fsgsbase tsc_adjust bmi1 avx2 smep bmi2 erms invpcid
bogomips	: 5188.13
clflush size	: 64
cache_alignment	: 64
address sizes	: 39 bits physical, 48 bits virtual
power management:

processor	: 1
vendor_id	: GenuineIntel
cpu family	: 6
model		: 69
model name	: Intel(R) Core(TM) i7-4510U CPU @ 2.00GHz
stepping	: 1
microcode	: 0x17
cpu MHz		: 3097.656
cache size	: 4096 KB
physical id	: 0
siblings	: 4
core id		: 0
cpu cores	: 2
apicid		: 1
initial apicid	: 1
fpu		: yes
fpu_exception	: yes
cpuid level	: 13
wp		: yes
flags		: fpu vme de pse tsc msr pae mce cx8 apic sep mtrr pge mca cmov pat pse36 clflush dts acpi mmx fxsr sse sse2 ss ht tm pbe syscall nx pdpe1gb rdtscp lm constant_tsc arch_perfmon pebs bts rep_good nopl xtopology nonstop_tsc aperfmperf eagerfpu pni pclmulqdq dtes64 monitor ds_cpl vmx est tm2 ssse3 fma cx16 xtpr pdcm pcid sse4_1 sse4_2 movbe popcnt tsc_deadline_timer aes xsave avx f16c rdrand lahf_lm abm ida arat epb xsaveopt pln pts dtherm tpr_shadow vnmi flexpriority ept vpid fsgsbase tsc_adjust bmi1 avx2 smep bmi2 erms invpcid
bogomips	: 5188.13
clflush size	: 64
cache_alignment	: 64
address sizes	: 39 bits physical, 48 bits virtual
power management:

processor	: 2
vendor_id	: GenuineIntel
cpu family	: 6
model		: 69
model name	: Intel(R) Core(TM) i7-4510U CPU @ 2.00GHz
stepping	: 1
microcode	: 0x17
cpu MHz		: 2799.976
cache size	: 4096 KB
physical id	: 0
siblings	: 4
core id		: 1
cpu cores	: 2
apicid		: 2
initial apicid	: 2
fpu		: yes
fpu_exception	: yes
cpuid level	: 13
wp		: yes
flags		: fpu vme de pse tsc msr pae mce cx8 apic sep mtrr pge mca cmov pat pse36 clflush dts acpi mmx fxsr sse sse2 ss ht tm pbe syscall nx pdpe1gb rdtscp lm constant_tsc arch_perfmon pebs bts rep_good nopl xtopology nonstop_tsc aperfmperf eagerfpu pni pclmulqdq dtes64 monitor ds_cpl vmx est tm2 ssse3 fma cx16 xtpr pdcm pcid sse4_1 sse4_2 movbe popcnt tsc_deadline_timer aes xsave avx f16c rdrand lahf_lm abm ida arat epb xsaveopt pln pts dtherm tpr_shadow vnmi flexpriority ept vpid fsgsbase tsc_adjust bmi1 avx2 smep bmi2 erms invpcid
bogomips	: 5188.13
clflush size	: 64
cache_alignment	: 64
address sizes	: 39 bits physical, 48 bits virtual
power management:

processor	: 3
vendor_id	: GenuineIntel
cpu family	: 6
model		: 69
model name	: Intel(R) Core(TM) i7-4510U CPU @ 2.00GHz
stepping	: 1
microcode	: 0x17
cpu MHz		: 2800.078
cache size	: 4096 KB
physical id	: 0
siblings	: 4
core id		: 1
cpu cores	: 2
apicid		: 3
initial apicid	: 3
fpu		: yes
fpu_exception	: yes
cpuid level	: 13
wp		: yes
flags		: fpu vme de pse tsc msr pae mce cx8 apic sep mtrr pge mca cmov pat pse36 clflush dts acpi mmx fxsr sse sse2 ss ht tm pbe syscall nx pdpe1gb rdtscp lm constant_tsc arch_perfmon pebs bts rep_good nopl xtopology nonstop_tsc aperfmperf eagerfpu pni pclmulqdq dtes64 monitor ds_cpl vmx est tm2 ssse3 fma cx16 xtpr pdcm pcid sse4_1 sse4_2 movbe popcnt tsc_deadline_timer aes xsave avx f16c rdrand lahf_lm abm ida arat epb xsaveopt pln pts dtherm tpr_shadow vnmi flexpriority ept vpid fsgsbase tsc_adjust bmi1 avx2 smep bmi2 erms invpcid
bogomips	: 5188.13
clflush size	: 64
cache_alignment	: 64
address sizes	: 39 bits physical, 48 bits virtual
power management:



Memory: 4k page, physical 8079312k(4788852k free), swap 8289276k(8289276k free)

vm_info: Java HotSpot(TM) 64-Bit Server VM (25.60-b23) for linux-amd64 JRE (1.8.0_60-b27), built on Aug  4 2015 12:19:40 by "java_re" with gcc 4.3.0 20080428 (Red Hat 4.3.0-8)

time: Thu Mar 17 19:17:33 2016
elapsed time: 0 seconds (0d 0h 0m 0s)

